<?xml version="1.0" encoding="UTF-8"?>
<testsuite xmlns:xsi="http://www.w3.org/2001/XMLSchema-instance" xsi:schemaLocation="https://maven.apache.org/surefire/maven-surefire-plugin/xsd/surefire-test-report.xsd" name="TestSuite" time="108.542" tests="35" errors="0" skipped="0" failures="0">
  <properties>
[...]
</properties>
  <testcase name="testAdvanced" classname="com.beeboxes.setting.testcase.TestSettingsActivity" time="13.889"/>
  <testcase name="testAboutDevice" classname="com.beeboxes.setting.testcase.TestSettingsActivity" time="1.614"/>
  <testcase name="testStorageUsage" classname="com.beeboxes.setting.testcase.TestSettingsActivity" time="1.64"/>
  <testcase name="testTodayStatistics" classname="com.beeboxes.setting.testcase.TestSettingsActivity" time="1.558"/>
  <testcase name="testCommonSetting" classname="com.beeboxes.setting.testcase.TestSettingsActivity" time="1.675"/>
  <testcase name="testFaceRecognizeSetting" classname="com.beeboxes.setting.testcase.TestSettingsActivity" time="1.565"/>
  <testcase name="testMoreComparison" classname="com.beeboxes.setting.testcase.TestSettingsActivity" time="1.55"/>
  <testcase name="testPersonRules" classname="com.beeboxes.setting.testcase.TestSettingsActivity" time="1.573"/>
  <testcase name="testDeviceRules" classname="com.beeboxes.setting.testcase.TestSettingsActivity" time="4.475"/>
  <testcase name="testNetworkSetting" classname="com.beeboxes.setting.testcase.TestSettingsActivity" time="1.549"/>
  <testcase name="testBlutoothSetting" classname="com.beeboxes.setting.testcase.TestSettingsActivity" time="1.753"/>
  <testcase name="testTimeSetting" classname="com.beeboxes.setting.testcase.TestSettingsActivity" time="1.771"/>
  <testcase name="testRebootDevice" classname="com.beeboxes.setting.testcase.TestSettingsActivity" time="4.636"/>
  <testcase name="testRestoreFactorySettings" classname="com.beeboxes.setting.testcase.TestSettingsActivity" time="4.017"/>
  <testcase name="testResetSettings" classname="com.beeboxes.setting.testcase.TestSettingsActivity" time="6.466"/>
  <testcase name="testExportFile" classname="com.beeboxes.setting.testcase.TestSettingsActivity" time="0.995"/>
  <testcase name="testOpenDoor" classname="com.beeboxes.setting.testcase.TestSettingsActivity" time="4.554"/>
  <testcase name="testAlwaysOpenDoor" classname="com.beeboxes.setting.testcase.TestSettingsActivity" time="1.585"/>
  <testcase name="testSystemUpdate" classname="com.beeboxes.setting.testcase.TestSettingsActivity" time="1.053"/>
  <testcase name="testDeviceManager" classname="com.beeboxes.setting.testcase.TestSettingsActivity" time="1.572"/>
  <testcase name="testDeviceManager" classname="com.beeboxes.setting.testcase.TestSettingsActivity" time="1.558"/>
  <testcase name="testDeviceManager" classname="com.beeboxes.setting.testcase.TestSettingsActivity" time="1.564"/>
  <testcase name="testAdvanced" classname="com.beeboxes.setting.testcase.TestAdvancedSettingActivity" time="12.158"/>
  <testcase name="testCameraEffectSetting" classname="com.beeboxes.setting.testcase.TestAdvancedSettingActivity" time="1.136"/>
  <testcase name="testCameraEffectSetting" classname="com.beeboxes.setting.testcase.TestAdvancedSettingActivity" time="1.62"/>
  <testcase name="testCameraEffectSetting" classname="com.beeboxes.setting.testcase.TestAdvancedSettingActivity" time="1.603"/>
  <testcase name="testRecognitionRecordSetting" classname="com.beeboxes.setting.testcase.TestAdvancedSettingActivity" time="1.457"/>
  <testcase name="testRecognitionRecordSetting" classname="com.beeboxes.setting.testcase.TestAdvancedSettingActivity" time="1.534"/>
  <testcase name="testRecognitionRecordSetting" classname="com.beeboxes.setting.testcase.TestAdvancedSettingActivity" time="1.489"/>
  <testcase name="testTipsCustomSetting" classname="com.beeboxes.setting.testcase.TestAdvancedSettingActivity" time="1.466"/>
  <testcase name="testTipsCustomSetting" classname="com.beeboxes.setting.testcase.TestAdvancedSettingActivity" time="1.503"/>
  <testcase name="testTipsCustomSetting" classname="com.beeboxes.setting.testcase.TestAdvancedSettingActivity" time="1.487"/>
  <testcase name="testStandbySetting" classname="com.beeboxes.setting.testcase.TestAdvancedSettingActivity" time="1.529"/>
  <testcase name="testStandbySetting" classname="com.beeboxes.setting.testcase.TestAdvancedSettingActivity" time="1.501"/>
  <testcase name="testStandbySetting" classname="com.beeboxes.setting.testcase.TestAdvancedSettingActivity" time="1.513"/>
</testsuite>