<?xml version="1.0" encoding="UTF-8"?>
<testsuite xmlns:xsi="http://www.w3.org/2001/XMLSchema-instance" xsi:schemaLocation="https://maven.apache.org/surefire/maven-surefire-plugin/xsd/surefire-test-report.xsd" name="TestSuite" time="18.178" tests="1" errors="0" skipped="0" failures="1">
  <properties>
[...]
</properties>
  <testcase name="testSearchPeopleByCompleteName" classname="com.beeboxes.datatool.testcase.TestSearchPeople" time="7.478">
    <failure message="An unknown server-side error occurred while processing the command. (WARNING: The server did not provide any stacktrace information)&#10;Command duration or timeout: 0 milliseconds&#10;Build info: version: &apos;3.12.0&apos;, revision: &apos;7c6e0b3&apos;, time: &apos;2018-05-08T14:04:26.12Z&apos;&#10;System info: host: &apos;KAI-PC&apos;, ip: &apos;192.168.30.116&apos;, os.name: &apos;Windows 7&apos;, os.arch: &apos;amd64&apos;, os.version: &apos;6.1&apos;, java.version: &apos;1.8.0_31&apos;&#10;Driver info: io.appium.java_client.android.AndroidDriver&#10;Capabilities {appActivity: com.opnext.datatool.view.ac..., appPackage: com.opnext.datatool, browserName: Android, databaseEnabled: false, desired: {appActivity: com.opnext.datatool.view.ac..., appPackage: com.opnext.datatool, deviceName: h03v57c2k, noReset: true, noSign: true, platformName: Android, platformVersion: 7.0, resetKeyboard: true, unicodeKeyboard: true}, deviceName: 192.168.28.212:5555, javascriptEnabled: true, locationContextEnabled: false, networkConnectionEnabled: true, noReset: true, noSign: true, platform: LINUX, platformName: Android, platformVersion: 7.0, resetKeyboard: true, takesScreenshot: true, unicodeKeyboard: true, warnings: {}, webStorageEnabled: false}&#10;Session ID: 0e3a4f72-977c-460a-ab32-edca2cbe9473" type="org.openqa.selenium.WebDriverException">org.openqa.selenium.WebDriverException: 
An unknown server-side error occurred while processing the command. (WARNING: The server did not provide any stacktrace information)
Command duration or timeout: 0 milliseconds
Build info: version: '3.12.0', revision: '7c6e0b3', time: '2018-05-08T14:04:26.12Z'
System info: host: 'KAI-PC', ip: '192.168.30.116', os.name: 'Windows 7', os.arch: 'amd64', os.version: '6.1', java.version: '1.8.0_31'
Driver info: io.appium.java_client.android.AndroidDriver
Capabilities {appActivity: com.opnext.datatool.view.ac..., appPackage: com.opnext.datatool, browserName: Android, databaseEnabled: false, desired: {appActivity: com.opnext.datatool.view.ac..., appPackage: com.opnext.datatool, deviceName: h03v57c2k, noReset: true, noSign: true, platformName: Android, platformVersion: 7.0, resetKeyboard: true, unicodeKeyboard: true}, deviceName: 192.168.28.212:5555, javascriptEnabled: true, locationContextEnabled: false, networkConnectionEnabled: true, noReset: true, noSign: true, platform: LINUX, platformName: Android, platformVersion: 7.0, resetKeyboard: true, takesScreenshot: true, unicodeKeyboard: true, warnings: {}, webStorageEnabled: false}
Session ID: 0e3a4f72-977c-460a-ab32-edca2cbe9473
	at com.beeboxes.datatool.testcase.TestSearchPeople.testSearchPeopleByCompleteName(TestSearchPeople.java:39)
</failure>
    <system-err><![CDATA[十一月 26, 2018 1:34:30 下午 io.appium.java_client.remote.AppiumCommandExecutor$1 lambda$0
信息: Detected dialect: OSS
]]></system-err>
  </testcase>
</testsuite>