<?xml version="1.0" encoding="UTF-8"?>
<testsuite name="高级设置列表"
           tests="5"
           failures="0"
           errors="0"
           skipped="0"
           time="9.399">
  <properties />
  
  
            <testcase name="testStandbySetting" time="1.796" classname="com.beeboxes.setting.testcase.TestAdvancedSettingActivity" />
                <testcase name="testAdvanced" time="2.626" classname="com.beeboxes.setting.testcase.TestAdvancedSettingActivity" />
                <testcase name="testCameraEffectSetting" time="1.455" classname="com.beeboxes.setting.testcase.TestAdvancedSettingActivity" />
                <testcase name="testTipsCustomSetting" time="1.715" classname="com.beeboxes.setting.testcase.TestAdvancedSettingActivity" />
                <testcase name="testRecognitionRecordSetting" time="1.807" classname="com.beeboxes.setting.testcase.TestAdvancedSettingActivity" />
      
</testsuite>
