<?xml version="1.0" encoding="UTF-8"?>
<testsuite name="基础设置列表"
           tests="20"
           failures="0"
           errors="0"
           skipped="0"
           time="68.051">
  <properties />
  
  
            <testcase name="testMoreComparison" time="1.760" classname="com.beeboxes.setting.testcase.TestSettingsActivity" />
                <testcase name="testRestoreFactorySettings" time="4.084" classname="com.beeboxes.setting.testcase.TestSettingsActivity" />
                <testcase name="testAdvanced" time="1.264" classname="com.beeboxes.setting.testcase.TestSettingsActivity" />
                <testcase name="testExportFile" time="1.104" classname="com.beeboxes.setting.testcase.TestSettingsActivity" />
                <testcase name="testAlwaysOpenDoor" time="1.859" classname="com.beeboxes.setting.testcase.TestSettingsActivity" />
                <testcase name="testResetSettings" time="14.546" classname="com.beeboxes.setting.testcase.TestSettingsActivity" />
                <testcase name="testStorageUsage" time="2.075" classname="com.beeboxes.setting.testcase.TestSettingsActivity" />
                <testcase name="testPersonRules" time="1.738" classname="com.beeboxes.setting.testcase.TestSettingsActivity" />
                <testcase name="testAboutDevice" time="1.771" classname="com.beeboxes.setting.testcase.TestSettingsActivity" />
                <testcase name="testTodayStatistics" time="1.899" classname="com.beeboxes.setting.testcase.TestSettingsActivity" />
                <testcase name="testCommonSetting" time="2.040" classname="com.beeboxes.setting.testcase.TestSettingsActivity" />
                <testcase name="testTimeSetting" time="2.039" classname="com.beeboxes.setting.testcase.TestSettingsActivity" />
                <testcase name="testNetworkSetting" time="1.752" classname="com.beeboxes.setting.testcase.TestSettingsActivity" />
                <testcase name="testDeviceRules" time="11.575" classname="com.beeboxes.setting.testcase.TestSettingsActivity" />
                <testcase name="testFaceRecognizeSetting" time="1.954" classname="com.beeboxes.setting.testcase.TestSettingsActivity" />
                <testcase name="testDeviceManager" time="3.199" classname="com.beeboxes.setting.testcase.TestSettingsActivity" />
                <testcase name="testBlutoothSetting" time="2.725" classname="com.beeboxes.setting.testcase.TestSettingsActivity" />
                <testcase name="testOpenDoor" time="4.583" classname="com.beeboxes.setting.testcase.TestSettingsActivity" />
                <testcase name="testRebootDevice" time="4.747" classname="com.beeboxes.setting.testcase.TestSettingsActivity" />
                <testcase name="testSystemUpdate" time="1.337" classname="com.beeboxes.setting.testcase.TestSettingsActivity" />
      
</testsuite>
