<?xml version="1.0" encoding="UTF-8"?>
<testsuite name="关于设备"
           tests="2002"
           failures="1"
           errors="0"
           skipped="2001"
           time="0.124">
  <properties />
            <testcase name="beforeClass" time="0.000" classname="com.beeboxes.setting.testcase.TestDeviceInfoActivity">
                <failure type="org.openqa.selenium.WebDriverException"
                  message="Connection refused: connect
Build info: version: &apos;3.12.0&apos;, revision: &apos;7c6e0b3&apos;, time: &apos;2018-05-08T14:04:26.12Z&apos;
System info: host: &apos;KAI-PC&apos;, ip: &apos;192.168.30.116&apos;, os.name: &apos;Windows 7&apos;, os.arch: &apos;amd64&apos;, os.version: &apos;6.1&apos;, java.version: &apos;1.8.0_31&apos;
Driver info: driver.version: AndroidDriver"
              >
<![CDATA[org.openqa.selenium.WebDriverException: Connection refused: connect
Build info: version: '3.12.0', revision: '7c6e0b3', time: '2018-05-08T14:04:26.12Z'
System info: host: 'KAI-PC', ip: '192.168.30.116', os.name: 'Windows 7', os.arch: 'amd64', os.version: '6.1', java.version: '1.8.0_31'
Driver info: driver.version: AndroidDriver
  io.appium.java_client.remote.AppiumCommandExecutor.lambda$2(AppiumCommandExecutor.java:243)
  io.appium.java_client.remote.AppiumCommandExecutor$$Lambda$168/1646371921.get(Unknown Source)
  java.util.Optional.orElseGet(Optional.java:267)
  io.appium.java_client.remote.AppiumCommandExecutor.execute(AppiumCommandExecutor.java:242)
  org.openqa.selenium.remote.RemoteWebDriver.execute(RemoteWebDriver.java:543)
  io.appium.java_client.DefaultGenericMobileDriver.execute(DefaultGenericMobileDriver.java:42)
  io.appium.java_client.AppiumDriver.execute(AppiumDriver.java:1)
  io.appium.java_client.android.AndroidDriver.execute(AndroidDriver.java:1)
  org.openqa.selenium.remote.RemoteWebDriver.startSession(RemoteWebDriver.java:207)
  org.openqa.selenium.remote.RemoteWebDriver.<init>(RemoteWebDriver.java:130)
  io.appium.java_client.DefaultGenericMobileDriver.<init>(DefaultGenericMobileDriver.java:38)
  io.appium.java_client.AppiumDriver.<init>(AppiumDriver.java:84)
  io.appium.java_client.AppiumDriver.<init>(AppiumDriver.java:94)
  io.appium.java_client.android.AndroidDriver.<init>(AndroidDriver.java:93)
  com.beeboxes.base.InitializeAppium.initializeAppium(InitializeAppium.java:52)
  com.beeboxes.setting.testcase.TestDeviceInfoActivity.beforeClass(TestDeviceInfoActivity.java:27)
  sun.reflect.NativeMethodAccessorImpl.invoke0(Native Method)
  sun.reflect.NativeMethodAccessorImpl.invoke(NativeMethodAccessorImpl.java:62)
  sun.reflect.DelegatingMethodAccessorImpl.invoke(DelegatingMethodAccessorImpl.java:43)
  java.lang.reflect.Method.invoke(Method.java:483)
  org.testng.internal.MethodInvocationHelper.invokeMethod(MethodInvocationHelper.java:86)
  org.testng.internal.Invoker.invokeConfigurationMethod(Invoker.java:514)
  org.testng.internal.Invoker.invokeConfigurations(Invoker.java:215)
  org.testng.internal.Invoker.invokeConfigurations(Invoker.java:142)
  org.testng.internal.TestMethodWorker.invokeBeforeClassMethods(TestMethodWorker.java:178)
  org.testng.internal.TestMethodWorker.run(TestMethodWorker.java:108)
  org.testng.TestRunner.privateRun(TestRunner.java:782)
  org.testng.TestRunner.run(TestRunner.java:632)
  org.testng.SuiteRunner.runTest(SuiteRunner.java:366)
  org.testng.SuiteRunner.runSequentially(SuiteRunner.java:361)
  org.testng.SuiteRunner.privateRun(SuiteRunner.java:319)
  org.testng.SuiteRunner.run(SuiteRunner.java:268)
  org.testng.SuiteRunnerWorker.runSuite(SuiteRunnerWorker.java:52)
  org.testng.SuiteRunnerWorker.run(SuiteRunnerWorker.java:86)
  org.testng.TestNG.runSuitesSequentially(TestNG.java:1244)
  org.testng.TestNG.runSuitesLocally(TestNG.java:1169)
  org.testng.TestNG.run(TestNG.java:1064)
  org.apache.maven.surefire.testng.TestNGExecutor.run(TestNGExecutor.java:281)
  org.apache.maven.surefire.testng.TestNGXmlTestSuite.execute(TestNGXmlTestSuite.java:75)
  org.apache.maven.surefire.testng.TestNGProvider.invoke(TestNGProvider.java:121)
  org.apache.maven.surefire.booter.ForkedBooter.invokeProviderInSameClassLoader(ForkedBooter.java:290)
  org.apache.maven.surefire.booter.ForkedBooter.runSuitesInProcess(ForkedBooter.java:242)
  org.apache.maven.surefire.booter.ForkedBooter.main(ForkedBooter.java:121)
Caused by: java.net.ConnectException: Connection refused: connect
  java.net.DualStackPlainSocketImpl.waitForConnect(Native Method)
  java.net.DualStackPlainSocketImpl.socketConnect(DualStackPlainSocketImpl.java:85)
  java.net.AbstractPlainSocketImpl.doConnect(AbstractPlainSocketImpl.java:345)
  java.net.AbstractPlainSocketImpl.connectToAddress(AbstractPlainSocketImpl.java:206)
  java.net.AbstractPlainSocketImpl.connect(AbstractPlainSocketImpl.java:188)
  java.net.PlainSocketImpl.connect(PlainSocketImpl.java:172)
  java.net.SocksSocketImpl.connect(SocksSocketImpl.java:392)
  java.net.Socket.connect(Socket.java:589)
  okhttp3.internal.platform.Platform.connectSocket(Platform.java:125)
  okhttp3.internal.connection.RealConnection.connectSocket(RealConnection.java:238)
  okhttp3.internal.connection.RealConnection.connect(RealConnection.java:158)
  okhttp3.internal.connection.StreamAllocation.findConnection(StreamAllocation.java:256)
  okhttp3.internal.connection.StreamAllocation.findHealthyConnection(StreamAllocation.java:134)
  okhttp3.internal.connection.StreamAllocation.newStream(StreamAllocation.java:113)
  okhttp3.internal.connection.ConnectInterceptor.intercept(ConnectInterceptor.java:42)
  okhttp3.internal.http.RealInterceptorChain.proceed(RealInterceptorChain.java:147)
  okhttp3.internal.http.RealInterceptorChain.proceed(RealInterceptorChain.java:121)
  okhttp3.internal.cache.CacheInterceptor.intercept(CacheInterceptor.java:93)
  okhttp3.internal.http.RealInterceptorChain.proceed(RealInterceptorChain.java:147)
  okhttp3.internal.http.RealInterceptorChain.proceed(RealInterceptorChain.java:121)
  okhttp3.internal.http.BridgeInterceptor.intercept(BridgeInterceptor.java:93)
  okhttp3.internal.http.RealInterceptorChain.proceed(RealInterceptorChain.java:147)
  okhttp3.internal.http.RetryAndFollowUpInterceptor.intercept(RetryAndFollowUpInterceptor.java:125)
  okhttp3.internal.http.RealInterceptorChain.proceed(RealInterceptorChain.java:147)
  okhttp3.internal.http.RealInterceptorChain.proceed(RealInterceptorChain.java:121)
  okhttp3.RealCall.getResponseWithInterceptorChain(RealCall.java:200)
  okhttp3.RealCall.execute(RealCall.java:77)
  org.openqa.selenium.remote.internal.OkHttpClient.execute(OkHttpClient.java:105)
  org.openqa.selenium.remote.ProtocolHandshake.createSession(ProtocolHandshake.java:101)
  sun.reflect.NativeMethodAccessorImpl.invoke0(Native Method)
  sun.reflect.NativeMethodAccessorImpl.invoke(NativeMethodAccessorImpl.java:62)
  sun.reflect.DelegatingMethodAccessorImpl.invoke(DelegatingMethodAccessorImpl.java:43)
  java.lang.reflect.Method.invoke(Method.java:483)
  io.appium.java_client.remote.AppiumCommandExecutor$1.createSession(AppiumCommandExecutor.java:185)
  io.appium.java_client.remote.AppiumCommandExecutor.createSession(AppiumCommandExecutor.java:209)
  io.appium.java_client.remote.AppiumCommandExecutor.execute(AppiumCommandExecutor.java:231)
  org.openqa.selenium.remote.RemoteWebDriver.execute(RemoteWebDriver.java:543)
  io.appium.java_client.DefaultGenericMobileDriver.execute(DefaultGenericMobileDriver.java:42)
  io.appium.java_client.AppiumDriver.execute(AppiumDriver.java:1)
  io.appium.java_client.android.AndroidDriver.execute(AndroidDriver.java:1)
  org.openqa.selenium.remote.RemoteWebDriver.startSession(RemoteWebDriver.java:207)
  org.openqa.selenium.remote.RemoteWebDriver.<init>(RemoteWebDriver.java:130)
  io.appium.java_client.DefaultGenericMobileDriver.<init>(DefaultGenericMobileDriver.java:38)
  io.appium.java_client.AppiumDriver.<init>(AppiumDriver.java:84)
  io.appium.java_client.AppiumDriver.<init>(AppiumDriver.java:94)
  io.appium.java_client.android.AndroidDriver.<init>(AndroidDriver.java:93)
  com.beeboxes.base.InitializeAppium.initializeAppium(InitializeAppium.java:52)
  com.beeboxes.setting.testcase.TestDeviceInfoActivity.beforeClass(TestDeviceInfoActivity.java:27)
  sun.reflect.NativeMethodAccessorImpl.invoke0(Native Method)
  sun.reflect.NativeMethodAccessorImpl.invoke(NativeMethodAccessorImpl.java:62)
  sun.reflect.DelegatingMethodAccessorImpl.invoke(DelegatingMethodAccessorImpl.java:43)
  java.lang.reflect.Method.invoke(Method.java:483)
  org.testng.internal.MethodInvocationHelper.invokeMethod(MethodInvocationHelper.java:86)
  org.testng.internal.Invoker.invokeConfigurationMethod(Invoker.java:514)
  org.testng.internal.Invoker.invokeConfigurations(Invoker.java:215)
  org.testng.internal.Invoker.invokeConfigurations(Invoker.java:142)
  org.testng.internal.TestMethodWorker.invokeBeforeClassMethods(TestMethodWorker.java:178)
  org.testng.internal.TestMethodWorker.run(TestMethodWorker.java:108)
  org.testng.TestRunner.privateRun(TestRunner.java:782)
  org.testng.TestRunner.run(TestRunner.java:632)
  org.testng.SuiteRunner.runTest(SuiteRunner.java:366)
  org.testng.SuiteRunner.runSequentially(SuiteRunner.java:361)
  org.testng.SuiteRunner.privateRun(SuiteRunner.java:319)
  org.testng.SuiteRunner.run(SuiteRunner.java:268)
  org.testng.SuiteRunnerWorker.runSuite(SuiteRunnerWorker.java:52)
  org.testng.SuiteRunnerWorker.run(SuiteRunnerWorker.java:86)
  org.testng.TestNG.runSuitesSequentially(TestNG.java:1244)
  org.testng.TestNG.runSuitesLocally(TestNG.java:1169)
  org.testng.TestNG.run(TestNG.java:1064)
  org.apache.maven.surefire.testng.TestNGExecutor.run(TestNGExecutor.java:281)
  org.apache.maven.surefire.testng.TestNGXmlTestSuite.execute(TestNGXmlTestSuite.java:75)
  org.apache.maven.surefire.testng.TestNGProvider.invoke(TestNGProvider.java:121)
  org.apache.maven.surefire.booter.ForkedBooter.invokeProviderInSameClassLoader(ForkedBooter.java:290)
  org.apache.maven.surefire.booter.ForkedBooter.runSuitesInProcess(ForkedBooter.java:242)
  org.apache.maven.surefire.booter.ForkedBooter.main(ForkedBooter.java:121)
]]>
      </failure>

          </testcase>
  
            <testcase name="afterClass" time="0.0" classname="com.beeboxes.setting.testcase.TestDeviceInfoActivity">
          <skipped />
    </testcase>
            <testcase name="testDeviceName" time="0.0" classname="com.beeboxes.setting.testcase.TestDeviceInfoActivity">
          <skipped />
    </testcase>
            <testcase name="testDeviceName" time="0.0" classname="com.beeboxes.setting.testcase.TestDeviceInfoActivity">
          <skipped />
    </testcase>
            <testcase name="testDeviceName" time="0.0" classname="com.beeboxes.setting.testcase.TestDeviceInfoActivity">
          <skipped />
    </testcase>
            <testcase name="testDeviceName" time="0.0" classname="com.beeboxes.setting.testcase.TestDeviceInfoActivity">
          <skipped />
    </testcase>
            <testcase name="testDeviceName" time="0.0" classname="com.beeboxes.setting.testcase.TestDeviceInfoActivity">
          <skipped />
    </testcase>
            <testcase name="testDeviceName" time="0.0" classname="com.beeboxes.setting.testcase.TestDeviceInfoActivity">
          <skipped />
    </testcase>
            <testcase name="testDeviceName" time="0.0" classname="com.beeboxes.setting.testcase.TestDeviceInfoActivity">
          <skipped />
    </testcase>
            <testcase name="testDeviceName" time="0.0" classname="com.beeboxes.setting.testcase.TestDeviceInfoActivity">
          <skipped />
    </testcase>
            <testcase name="testDeviceName" time="0.0" classname="com.beeboxes.setting.testcase.TestDeviceInfoActivity">
          <skipped />
    </testcase>
            <testcase name="testDeviceName" time="0.0" classname="com.beeboxes.setting.testcase.TestDeviceInfoActivity">
          <skipped />
    </testcase>
            <testcase name="testDeviceName" time="0.0" classname="com.beeboxes.setting.testcase.TestDeviceInfoActivity">
          <skipped />
    </testcase>
            <testcase name="testDeviceName" time="0.0" classname="com.beeboxes.setting.testcase.TestDeviceInfoActivity">
          <skipped />
    </testcase>
            <testcase name="testDeviceName" time="0.0" classname="com.beeboxes.setting.testcase.TestDeviceInfoActivity">
          <skipped />
    </testcase>
            <testcase name="testDeviceName" time="0.0" classname="com.beeboxes.setting.testcase.TestDeviceInfoActivity">
          <skipped />
    </testcase>
            <testcase name="testDeviceName" time="0.0" classname="com.beeboxes.setting.testcase.TestDeviceInfoActivity">
          <skipped />
    </testcase>
            <testcase name="testDeviceName" time="0.0" classname="com.beeboxes.setting.testcase.TestDeviceInfoActivity">
          <skipped />
    </testcase>
            <testcase name="testDeviceName" time="0.0" classname="com.beeboxes.setting.testcase.TestDeviceInfoActivity">
          <skipped />
    </testcase>
            <testcase name="testDeviceName" time="0.0" classname="com.beeboxes.setting.testcase.TestDeviceInfoActivity">
          <skipped />
    </testcase>
            <testcase name="testDeviceName" time="0.0" classname="com.beeboxes.setting.testcase.TestDeviceInfoActivity">
          <skipped />
    </testcase>
            <testcase name="testDeviceName" time="0.0" classname="com.beeboxes.setting.testcase.TestDeviceInfoActivity">
          <skipped />
    </testcase>
            <testcase name="testDeviceName" time="0.0" classname="com.beeboxes.setting.testcase.TestDeviceInfoActivity">
          <skipped />
    </testcase>
            <testcase name="testDeviceName" time="0.0" classname="com.beeboxes.setting.testcase.TestDeviceInfoActivity">
          <skipped />
    </testcase>
            <testcase name="testDeviceName" time="0.0" classname="com.beeboxes.setting.testcase.TestDeviceInfoActivity">
          <skipped />
    </testcase>
            <testcase name="testDeviceName" time="0.0" classname="com.beeboxes.setting.testcase.TestDeviceInfoActivity">
          <skipped />
    </testcase>
            <testcase name="testDeviceName" time="0.0" classname="com.beeboxes.setting.testcase.TestDeviceInfoActivity">
          <skipped />
    </testcase>
            <testcase name="testDeviceName" time="0.0" classname="com.beeboxes.setting.testcase.TestDeviceInfoActivity">
          <skipped />
    </testcase>
            <testcase name="testDeviceName" time="0.0" classname="com.beeboxes.setting.testcase.TestDeviceInfoActivity">
          <skipped />
    </testcase>
            <testcase name="testDeviceName" time="0.0" classname="com.beeboxes.setting.testcase.TestDeviceInfoActivity">
          <skipped />
    </testcase>
            <testcase name="testDeviceName" time="0.0" classname="com.beeboxes.setting.testcase.TestDeviceInfoActivity">
          <skipped />
    </testcase>
            <testcase name="testDeviceName" time="0.0" classname="com.beeboxes.setting.testcase.TestDeviceInfoActivity">
          <skipped />
    </testcase>
            <testcase name="testDeviceName" time="0.0" classname="com.beeboxes.setting.testcase.TestDeviceInfoActivity">
          <skipped />
    </testcase>
            <testcase name="testDeviceName" time="0.0" classname="com.beeboxes.setting.testcase.TestDeviceInfoActivity">
          <skipped />
    </testcase>
            <testcase name="testDeviceName" time="0.0" classname="com.beeboxes.setting.testcase.TestDeviceInfoActivity">
          <skipped />
    </testcase>
            <testcase name="testDeviceName" time="0.0" classname="com.beeboxes.setting.testcase.TestDeviceInfoActivity">
          <skipped />
    </testcase>
            <testcase name="testDeviceName" time="0.0" classname="com.beeboxes.setting.testcase.TestDeviceInfoActivity">
          <skipped />
    </testcase>
            <testcase name="testDeviceName" time="0.0" classname="com.beeboxes.setting.testcase.TestDeviceInfoActivity">
          <skipped />
    </testcase>
            <testcase name="testDeviceName" time="0.0" classname="com.beeboxes.setting.testcase.TestDeviceInfoActivity">
          <skipped />
    </testcase>
            <testcase name="testDeviceName" time="0.0" classname="com.beeboxes.setting.testcase.TestDeviceInfoActivity">
          <skipped />
    </testcase>
            <testcase name="testDeviceName" time="0.0" classname="com.beeboxes.setting.testcase.TestDeviceInfoActivity">
          <skipped />
    </testcase>
            <testcase name="testDeviceName" time="0.0" classname="com.beeboxes.setting.testcase.TestDeviceInfoActivity">
          <skipped />
    </testcase>
            <testcase name="testDeviceName" time="0.0" classname="com.beeboxes.setting.testcase.TestDeviceInfoActivity">
          <skipped />
    </testcase>
            <testcase name="testDeviceName" time="0.0" classname="com.beeboxes.setting.testcase.TestDeviceInfoActivity">
          <skipped />
    </testcase>
            <testcase name="testDeviceName" time="0.0" classname="com.beeboxes.setting.testcase.TestDeviceInfoActivity">
          <skipped />
    </testcase>
            <testcase name="testDeviceName" time="0.0" classname="com.beeboxes.setting.testcase.TestDeviceInfoActivity">
          <skipped />
    </testcase>
            <testcase name="testDeviceName" time="0.0" classname="com.beeboxes.setting.testcase.TestDeviceInfoActivity">
          <skipped />
    </testcase>
            <testcase name="testDeviceName" time="0.0" classname="com.beeboxes.setting.testcase.TestDeviceInfoActivity">
          <skipped />
    </testcase>
            <testcase name="testDeviceName" time="0.0" classname="com.beeboxes.setting.testcase.TestDeviceInfoActivity">
          <skipped />
    </testcase>
            <testcase name="testDeviceName" time="0.0" classname="com.beeboxes.setting.testcase.TestDeviceInfoActivity">
          <skipped />
    </testcase>
            <testcase name="testDeviceName" time="0.0" classname="com.beeboxes.setting.testcase.TestDeviceInfoActivity">
          <skipped />
    </testcase>
            <testcase name="testDeviceName" time="0.0" classname="com.beeboxes.setting.testcase.TestDeviceInfoActivity">
          <skipped />
    </testcase>
            <testcase name="testDeviceName" time="0.0" classname="com.beeboxes.setting.testcase.TestDeviceInfoActivity">
          <skipped />
    </testcase>
            <testcase name="testDeviceName" time="0.0" classname="com.beeboxes.setting.testcase.TestDeviceInfoActivity">
          <skipped />
    </testcase>
            <testcase name="testDeviceName" time="0.0" classname="com.beeboxes.setting.testcase.TestDeviceInfoActivity">
          <skipped />
    </testcase>
            <testcase name="testDeviceName" time="0.0" classname="com.beeboxes.setting.testcase.TestDeviceInfoActivity">
          <skipped />
    </testcase>
            <testcase name="testDeviceName" time="0.0" classname="com.beeboxes.setting.testcase.TestDeviceInfoActivity">
          <skipped />
    </testcase>
            <testcase name="testDeviceName" time="0.0" classname="com.beeboxes.setting.testcase.TestDeviceInfoActivity">
          <skipped />
    </testcase>
            <testcase name="testDeviceName" time="0.0" classname="com.beeboxes.setting.testcase.TestDeviceInfoActivity">
          <skipped />
    </testcase>
            <testcase name="testDeviceName" time="0.0" classname="com.beeboxes.setting.testcase.TestDeviceInfoActivity">
          <skipped />
    </testcase>
            <testcase name="testDeviceName" time="0.0" classname="com.beeboxes.setting.testcase.TestDeviceInfoActivity">
          <skipped />
    </testcase>
            <testcase name="testDeviceName" time="0.0" classname="com.beeboxes.setting.testcase.TestDeviceInfoActivity">
          <skipped />
    </testcase>
            <testcase name="testDeviceName" time="0.0" classname="com.beeboxes.setting.testcase.TestDeviceInfoActivity">
          <skipped />
    </testcase>
            <testcase name="testDeviceName" time="0.0" classname="com.beeboxes.setting.testcase.TestDeviceInfoActivity">
          <skipped />
    </testcase>
            <testcase name="testDeviceName" time="0.0" classname="com.beeboxes.setting.testcase.TestDeviceInfoActivity">
          <skipped />
    </testcase>
            <testcase name="testDeviceName" time="0.0" classname="com.beeboxes.setting.testcase.TestDeviceInfoActivity">
          <skipped />
    </testcase>
            <testcase name="testDeviceName" time="0.0" classname="com.beeboxes.setting.testcase.TestDeviceInfoActivity">
          <skipped />
    </testcase>
            <testcase name="testDeviceName" time="0.0" classname="com.beeboxes.setting.testcase.TestDeviceInfoActivity">
          <skipped />
    </testcase>
            <testcase name="testDeviceName" time="0.0" classname="com.beeboxes.setting.testcase.TestDeviceInfoActivity">
          <skipped />
    </testcase>
            <testcase name="testDeviceName" time="0.0" classname="com.beeboxes.setting.testcase.TestDeviceInfoActivity">
          <skipped />
    </testcase>
            <testcase name="testDeviceName" time="0.0" classname="com.beeboxes.setting.testcase.TestDeviceInfoActivity">
          <skipped />
    </testcase>
            <testcase name="testDeviceName" time="0.0" classname="com.beeboxes.setting.testcase.TestDeviceInfoActivity">
          <skipped />
    </testcase>
            <testcase name="testDeviceName" time="0.0" classname="com.beeboxes.setting.testcase.TestDeviceInfoActivity">
          <skipped />
    </testcase>
            <testcase name="testDeviceName" time="0.0" classname="com.beeboxes.setting.testcase.TestDeviceInfoActivity">
          <skipped />
    </testcase>
            <testcase name="testDeviceName" time="0.0" classname="com.beeboxes.setting.testcase.TestDeviceInfoActivity">
          <skipped />
    </testcase>
            <testcase name="testDeviceName" time="0.0" classname="com.beeboxes.setting.testcase.TestDeviceInfoActivity">
          <skipped />
    </testcase>
            <testcase name="testDeviceName" time="0.0" classname="com.beeboxes.setting.testcase.TestDeviceInfoActivity">
          <skipped />
    </testcase>
            <testcase name="testDeviceName" time="0.0" classname="com.beeboxes.setting.testcase.TestDeviceInfoActivity">
          <skipped />
    </testcase>
            <testcase name="testDeviceName" time="0.0" classname="com.beeboxes.setting.testcase.TestDeviceInfoActivity">
          <skipped />
    </testcase>
            <testcase name="testDeviceName" time="0.0" classname="com.beeboxes.setting.testcase.TestDeviceInfoActivity">
          <skipped />
    </testcase>
            <testcase name="testDeviceName" time="0.0" classname="com.beeboxes.setting.testcase.TestDeviceInfoActivity">
          <skipped />
    </testcase>
            <testcase name="testDeviceName" time="0.0" classname="com.beeboxes.setting.testcase.TestDeviceInfoActivity">
          <skipped />
    </testcase>
            <testcase name="testDeviceName" time="0.0" classname="com.beeboxes.setting.testcase.TestDeviceInfoActivity">
          <skipped />
    </testcase>
            <testcase name="testDeviceName" time="0.0" classname="com.beeboxes.setting.testcase.TestDeviceInfoActivity">
          <skipped />
    </testcase>
            <testcase name="testDeviceName" time="0.0" classname="com.beeboxes.setting.testcase.TestDeviceInfoActivity">
          <skipped />
    </testcase>
            <testcase name="testDeviceName" time="0.0" classname="com.beeboxes.setting.testcase.TestDeviceInfoActivity">
          <skipped />
    </testcase>
            <testcase name="testDeviceName" time="0.0" classname="com.beeboxes.setting.testcase.TestDeviceInfoActivity">
          <skipped />
    </testcase>
            <testcase name="testDeviceName" time="0.0" classname="com.beeboxes.setting.testcase.TestDeviceInfoActivity">
          <skipped />
    </testcase>
            <testcase name="testDeviceName" time="0.0" classname="com.beeboxes.setting.testcase.TestDeviceInfoActivity">
          <skipped />
    </testcase>
            <testcase name="testDeviceName" time="0.0" classname="com.beeboxes.setting.testcase.TestDeviceInfoActivity">
          <skipped />
    </testcase>
            <testcase name="testDeviceName" time="0.0" classname="com.beeboxes.setting.testcase.TestDeviceInfoActivity">
          <skipped />
    </testcase>
            <testcase name="testDeviceName" time="0.0" classname="com.beeboxes.setting.testcase.TestDeviceInfoActivity">
          <skipped />
    </testcase>
            <testcase name="testDeviceName" time="0.0" classname="com.beeboxes.setting.testcase.TestDeviceInfoActivity">
          <skipped />
    </testcase>
            <testcase name="testDeviceName" time="0.0" classname="com.beeboxes.setting.testcase.TestDeviceInfoActivity">
          <skipped />
    </testcase>
            <testcase name="testDeviceName" time="0.0" classname="com.beeboxes.setting.testcase.TestDeviceInfoActivity">
          <skipped />
    </testcase>
            <testcase name="testDeviceName" time="0.0" classname="com.beeboxes.setting.testcase.TestDeviceInfoActivity">
          <skipped />
    </testcase>
            <testcase name="testDeviceName" time="0.0" classname="com.beeboxes.setting.testcase.TestDeviceInfoActivity">
          <skipped />
    </testcase>
            <testcase name="testDeviceName" time="0.0" classname="com.beeboxes.setting.testcase.TestDeviceInfoActivity">
          <skipped />
    </testcase>
            <testcase name="testDeviceName" time="0.0" classname="com.beeboxes.setting.testcase.TestDeviceInfoActivity">
          <skipped />
    </testcase>
            <testcase name="testDeviceName" time="0.0" classname="com.beeboxes.setting.testcase.TestDeviceInfoActivity">
          <skipped />
    </testcase>
            <testcase name="testDeviceName" time="0.0" classname="com.beeboxes.setting.testcase.TestDeviceInfoActivity">
          <skipped />
    </testcase>
            <testcase name="testDeviceName" time="0.0" classname="com.beeboxes.setting.testcase.TestDeviceInfoActivity">
          <skipped />
    </testcase>
            <testcase name="testDeviceName" time="0.0" classname="com.beeboxes.setting.testcase.TestDeviceInfoActivity">
          <skipped />
    </testcase>
            <testcase name="testDeviceName" time="0.0" classname="com.beeboxes.setting.testcase.TestDeviceInfoActivity">
          <skipped />
    </testcase>
            <testcase name="testDeviceName" time="0.0" classname="com.beeboxes.setting.testcase.TestDeviceInfoActivity">
          <skipped />
    </testcase>
            <testcase name="testDeviceName" time="0.0" classname="com.beeboxes.setting.testcase.TestDeviceInfoActivity">
          <skipped />
    </testcase>
            <testcase name="testDeviceName" time="0.0" classname="com.beeboxes.setting.testcase.TestDeviceInfoActivity">
          <skipped />
    </testcase>
            <testcase name="testDeviceName" time="0.0" classname="com.beeboxes.setting.testcase.TestDeviceInfoActivity">
          <skipped />
    </testcase>
            <testcase name="testDeviceName" time="0.0" classname="com.beeboxes.setting.testcase.TestDeviceInfoActivity">
          <skipped />
    </testcase>
            <testcase name="testDeviceName" time="0.0" classname="com.beeboxes.setting.testcase.TestDeviceInfoActivity">
          <skipped />
    </testcase>
            <testcase name="testDeviceName" time="0.0" classname="com.beeboxes.setting.testcase.TestDeviceInfoActivity">
          <skipped />
    </testcase>
            <testcase name="testDeviceName" time="0.0" classname="com.beeboxes.setting.testcase.TestDeviceInfoActivity">
          <skipped />
    </testcase>
            <testcase name="testDeviceName" time="0.0" classname="com.beeboxes.setting.testcase.TestDeviceInfoActivity">
          <skipped />
    </testcase>
            <testcase name="testDeviceName" time="0.0" classname="com.beeboxes.setting.testcase.TestDeviceInfoActivity">
          <skipped />
    </testcase>
            <testcase name="testDeviceName" time="0.0" classname="com.beeboxes.setting.testcase.TestDeviceInfoActivity">
          <skipped />
    </testcase>
            <testcase name="testDeviceName" time="0.0" classname="com.beeboxes.setting.testcase.TestDeviceInfoActivity">
          <skipped />
    </testcase>
            <testcase name="testDeviceName" time="0.0" classname="com.beeboxes.setting.testcase.TestDeviceInfoActivity">
          <skipped />
    </testcase>
            <testcase name="testDeviceName" time="0.0" classname="com.beeboxes.setting.testcase.TestDeviceInfoActivity">
          <skipped />
    </testcase>
            <testcase name="testDeviceName" time="0.0" classname="com.beeboxes.setting.testcase.TestDeviceInfoActivity">
          <skipped />
    </testcase>
            <testcase name="testDeviceName" time="0.0" classname="com.beeboxes.setting.testcase.TestDeviceInfoActivity">
          <skipped />
    </testcase>
            <testcase name="testDeviceName" time="0.0" classname="com.beeboxes.setting.testcase.TestDeviceInfoActivity">
          <skipped />
    </testcase>
            <testcase name="testDeviceName" time="0.0" classname="com.beeboxes.setting.testcase.TestDeviceInfoActivity">
          <skipped />
    </testcase>
            <testcase name="testDeviceName" time="0.0" classname="com.beeboxes.setting.testcase.TestDeviceInfoActivity">
          <skipped />
    </testcase>
            <testcase name="testDeviceName" time="0.0" classname="com.beeboxes.setting.testcase.TestDeviceInfoActivity">
          <skipped />
    </testcase>
            <testcase name="testDeviceName" time="0.0" classname="com.beeboxes.setting.testcase.TestDeviceInfoActivity">
          <skipped />
    </testcase>
            <testcase name="testDeviceName" time="0.0" classname="com.beeboxes.setting.testcase.TestDeviceInfoActivity">
          <skipped />
    </testcase>
            <testcase name="testDeviceName" time="0.0" classname="com.beeboxes.setting.testcase.TestDeviceInfoActivity">
          <skipped />
    </testcase>
            <testcase name="testDeviceName" time="0.0" classname="com.beeboxes.setting.testcase.TestDeviceInfoActivity">
          <skipped />
    </testcase>
            <testcase name="testDeviceName" time="0.0" classname="com.beeboxes.setting.testcase.TestDeviceInfoActivity">
          <skipped />
    </testcase>
            <testcase name="testDeviceName" time="0.0" classname="com.beeboxes.setting.testcase.TestDeviceInfoActivity">
          <skipped />
    </testcase>
            <testcase name="testDeviceName" time="0.0" classname="com.beeboxes.setting.testcase.TestDeviceInfoActivity">
          <skipped />
    </testcase>
            <testcase name="testDeviceName" time="0.0" classname="com.beeboxes.setting.testcase.TestDeviceInfoActivity">
          <skipped />
    </testcase>
            <testcase name="testDeviceName" time="0.0" classname="com.beeboxes.setting.testcase.TestDeviceInfoActivity">
          <skipped />
    </testcase>
            <testcase name="testDeviceName" time="0.0" classname="com.beeboxes.setting.testcase.TestDeviceInfoActivity">
          <skipped />
    </testcase>
            <testcase name="testDeviceName" time="0.0" classname="com.beeboxes.setting.testcase.TestDeviceInfoActivity">
          <skipped />
    </testcase>
            <testcase name="testDeviceName" time="0.0" classname="com.beeboxes.setting.testcase.TestDeviceInfoActivity">
          <skipped />
    </testcase>
            <testcase name="testDeviceName" time="0.0" classname="com.beeboxes.setting.testcase.TestDeviceInfoActivity">
          <skipped />
    </testcase>
            <testcase name="testDeviceName" time="0.0" classname="com.beeboxes.setting.testcase.TestDeviceInfoActivity">
          <skipped />
    </testcase>
            <testcase name="testDeviceName" time="0.0" classname="com.beeboxes.setting.testcase.TestDeviceInfoActivity">
          <skipped />
    </testcase>
            <testcase name="testDeviceName" time="0.0" classname="com.beeboxes.setting.testcase.TestDeviceInfoActivity">
          <skipped />
    </testcase>
            <testcase name="testDeviceName" time="0.0" classname="com.beeboxes.setting.testcase.TestDeviceInfoActivity">
          <skipped />
    </testcase>
            <testcase name="testDeviceName" time="0.0" classname="com.beeboxes.setting.testcase.TestDeviceInfoActivity">
          <skipped />
    </testcase>
            <testcase name="testDeviceName" time="0.0" classname="com.beeboxes.setting.testcase.TestDeviceInfoActivity">
          <skipped />
    </testcase>
            <testcase name="testDeviceName" time="0.0" classname="com.beeboxes.setting.testcase.TestDeviceInfoActivity">
          <skipped />
    </testcase>
            <testcase name="testDeviceName" time="0.0" classname="com.beeboxes.setting.testcase.TestDeviceInfoActivity">
          <skipped />
    </testcase>
            <testcase name="testDeviceName" time="0.0" classname="com.beeboxes.setting.testcase.TestDeviceInfoActivity">
          <skipped />
    </testcase>
            <testcase name="testDeviceName" time="0.0" classname="com.beeboxes.setting.testcase.TestDeviceInfoActivity">
          <skipped />
    </testcase>
            <testcase name="testDeviceName" time="0.0" classname="com.beeboxes.setting.testcase.TestDeviceInfoActivity">
          <skipped />
    </testcase>
            <testcase name="testDeviceName" time="0.0" classname="com.beeboxes.setting.testcase.TestDeviceInfoActivity">
          <skipped />
    </testcase>
            <testcase name="testDeviceName" time="0.0" classname="com.beeboxes.setting.testcase.TestDeviceInfoActivity">
          <skipped />
    </testcase>
            <testcase name="testDeviceName" time="0.0" classname="com.beeboxes.setting.testcase.TestDeviceInfoActivity">
          <skipped />
    </testcase>
            <testcase name="testDeviceName" time="0.0" classname="com.beeboxes.setting.testcase.TestDeviceInfoActivity">
          <skipped />
    </testcase>
            <testcase name="testDeviceName" time="0.0" classname="com.beeboxes.setting.testcase.TestDeviceInfoActivity">
          <skipped />
    </testcase>
            <testcase name="testDeviceName" time="0.0" classname="com.beeboxes.setting.testcase.TestDeviceInfoActivity">
          <skipped />
    </testcase>
            <testcase name="testDeviceName" time="0.0" classname="com.beeboxes.setting.testcase.TestDeviceInfoActivity">
          <skipped />
    </testcase>
            <testcase name="testDeviceName" time="0.0" classname="com.beeboxes.setting.testcase.TestDeviceInfoActivity">
          <skipped />
    </testcase>
            <testcase name="testDeviceName" time="0.0" classname="com.beeboxes.setting.testcase.TestDeviceInfoActivity">
          <skipped />
    </testcase>
            <testcase name="testDeviceName" time="0.0" classname="com.beeboxes.setting.testcase.TestDeviceInfoActivity">
          <skipped />
    </testcase>
            <testcase name="testDeviceName" time="0.0" classname="com.beeboxes.setting.testcase.TestDeviceInfoActivity">
          <skipped />
    </testcase>
            <testcase name="testDeviceName" time="0.0" classname="com.beeboxes.setting.testcase.TestDeviceInfoActivity">
          <skipped />
    </testcase>
            <testcase name="testDeviceName" time="0.0" classname="com.beeboxes.setting.testcase.TestDeviceInfoActivity">
          <skipped />
    </testcase>
            <testcase name="testDeviceName" time="0.0" classname="com.beeboxes.setting.testcase.TestDeviceInfoActivity">
          <skipped />
    </testcase>
            <testcase name="testDeviceName" time="0.0" classname="com.beeboxes.setting.testcase.TestDeviceInfoActivity">
          <skipped />
    </testcase>
            <testcase name="testDeviceName" time="0.0" classname="com.beeboxes.setting.testcase.TestDeviceInfoActivity">
          <skipped />
    </testcase>
            <testcase name="testDeviceName" time="0.0" classname="com.beeboxes.setting.testcase.TestDeviceInfoActivity">
          <skipped />
    </testcase>
            <testcase name="testDeviceName" time="0.0" classname="com.beeboxes.setting.testcase.TestDeviceInfoActivity">
          <skipped />
    </testcase>
            <testcase name="testDeviceName" time="0.0" classname="com.beeboxes.setting.testcase.TestDeviceInfoActivity">
          <skipped />
    </testcase>
            <testcase name="testDeviceName" time="0.0" classname="com.beeboxes.setting.testcase.TestDeviceInfoActivity">
          <skipped />
    </testcase>
            <testcase name="testDeviceName" time="0.0" classname="com.beeboxes.setting.testcase.TestDeviceInfoActivity">
          <skipped />
    </testcase>
            <testcase name="testDeviceName" time="0.0" classname="com.beeboxes.setting.testcase.TestDeviceInfoActivity">
          <skipped />
    </testcase>
            <testcase name="testDeviceName" time="0.0" classname="com.beeboxes.setting.testcase.TestDeviceInfoActivity">
          <skipped />
    </testcase>
            <testcase name="testDeviceName" time="0.0" classname="com.beeboxes.setting.testcase.TestDeviceInfoActivity">
          <skipped />
    </testcase>
            <testcase name="testDeviceName" time="0.0" classname="com.beeboxes.setting.testcase.TestDeviceInfoActivity">
          <skipped />
    </testcase>
            <testcase name="testDeviceName" time="0.0" classname="com.beeboxes.setting.testcase.TestDeviceInfoActivity">
          <skipped />
    </testcase>
            <testcase name="testDeviceName" time="0.0" classname="com.beeboxes.setting.testcase.TestDeviceInfoActivity">
          <skipped />
    </testcase>
            <testcase name="testDeviceName" time="0.0" classname="com.beeboxes.setting.testcase.TestDeviceInfoActivity">
          <skipped />
    </testcase>
            <testcase name="testDeviceName" time="0.0" classname="com.beeboxes.setting.testcase.TestDeviceInfoActivity">
          <skipped />
    </testcase>
            <testcase name="testDeviceName" time="0.0" classname="com.beeboxes.setting.testcase.TestDeviceInfoActivity">
          <skipped />
    </testcase>
            <testcase name="testDeviceName" time="0.0" classname="com.beeboxes.setting.testcase.TestDeviceInfoActivity">
          <skipped />
    </testcase>
            <testcase name="testDeviceName" time="0.0" classname="com.beeboxes.setting.testcase.TestDeviceInfoActivity">
          <skipped />
    </testcase>
            <testcase name="testDeviceName" time="0.0" classname="com.beeboxes.setting.testcase.TestDeviceInfoActivity">
          <skipped />
    </testcase>
            <testcase name="testDeviceName" time="0.0" classname="com.beeboxes.setting.testcase.TestDeviceInfoActivity">
          <skipped />
    </testcase>
            <testcase name="testDeviceName" time="0.0" classname="com.beeboxes.setting.testcase.TestDeviceInfoActivity">
          <skipped />
    </testcase>
            <testcase name="testDeviceName" time="0.0" classname="com.beeboxes.setting.testcase.TestDeviceInfoActivity">
          <skipped />
    </testcase>
            <testcase name="testDeviceName" time="0.0" classname="com.beeboxes.setting.testcase.TestDeviceInfoActivity">
          <skipped />
    </testcase>
            <testcase name="testDeviceName" time="0.0" classname="com.beeboxes.setting.testcase.TestDeviceInfoActivity">
          <skipped />
    </testcase>
            <testcase name="testDeviceName" time="0.0" classname="com.beeboxes.setting.testcase.TestDeviceInfoActivity">
          <skipped />
    </testcase>
            <testcase name="testDeviceName" time="0.0" classname="com.beeboxes.setting.testcase.TestDeviceInfoActivity">
          <skipped />
    </testcase>
            <testcase name="testDeviceName" time="0.0" classname="com.beeboxes.setting.testcase.TestDeviceInfoActivity">
          <skipped />
    </testcase>
            <testcase name="testDeviceName" time="0.0" classname="com.beeboxes.setting.testcase.TestDeviceInfoActivity">
          <skipped />
    </testcase>
            <testcase name="testDeviceName" time="0.0" classname="com.beeboxes.setting.testcase.TestDeviceInfoActivity">
          <skipped />
    </testcase>
            <testcase name="testDeviceName" time="0.0" classname="com.beeboxes.setting.testcase.TestDeviceInfoActivity">
          <skipped />
    </testcase>
            <testcase name="testDeviceName" time="0.0" classname="com.beeboxes.setting.testcase.TestDeviceInfoActivity">
          <skipped />
    </testcase>
            <testcase name="testDeviceName" time="0.0" classname="com.beeboxes.setting.testcase.TestDeviceInfoActivity">
          <skipped />
    </testcase>
            <testcase name="testDeviceName" time="0.0" classname="com.beeboxes.setting.testcase.TestDeviceInfoActivity">
          <skipped />
    </testcase>
            <testcase name="testDeviceName" time="0.0" classname="com.beeboxes.setting.testcase.TestDeviceInfoActivity">
          <skipped />
    </testcase>
            <testcase name="testDeviceName" time="0.0" classname="com.beeboxes.setting.testcase.TestDeviceInfoActivity">
          <skipped />
    </testcase>
            <testcase name="testDeviceName" time="0.0" classname="com.beeboxes.setting.testcase.TestDeviceInfoActivity">
          <skipped />
    </testcase>
            <testcase name="testDeviceName" time="0.0" classname="com.beeboxes.setting.testcase.TestDeviceInfoActivity">
          <skipped />
    </testcase>
            <testcase name="testDeviceName" time="0.0" classname="com.beeboxes.setting.testcase.TestDeviceInfoActivity">
          <skipped />
    </testcase>
            <testcase name="testDeviceName" time="0.0" classname="com.beeboxes.setting.testcase.TestDeviceInfoActivity">
          <skipped />
    </testcase>
            <testcase name="testDeviceName" time="0.0" classname="com.beeboxes.setting.testcase.TestDeviceInfoActivity">
          <skipped />
    </testcase>
            <testcase name="testDeviceName" time="0.0" classname="com.beeboxes.setting.testcase.TestDeviceInfoActivity">
          <skipped />
    </testcase>
            <testcase name="testDeviceName" time="0.0" classname="com.beeboxes.setting.testcase.TestDeviceInfoActivity">
          <skipped />
    </testcase>
            <testcase name="testDeviceName" time="0.0" classname="com.beeboxes.setting.testcase.TestDeviceInfoActivity">
          <skipped />
    </testcase>
            <testcase name="testDeviceName" time="0.0" classname="com.beeboxes.setting.testcase.TestDeviceInfoActivity">
          <skipped />
    </testcase>
            <testcase name="testDeviceName" time="0.0" classname="com.beeboxes.setting.testcase.TestDeviceInfoActivity">
          <skipped />
    </testcase>
            <testcase name="testDeviceName" time="0.0" classname="com.beeboxes.setting.testcase.TestDeviceInfoActivity">
          <skipped />
    </testcase>
            <testcase name="testDeviceName" time="0.0" classname="com.beeboxes.setting.testcase.TestDeviceInfoActivity">
          <skipped />
    </testcase>
            <testcase name="testDeviceName" time="0.0" classname="com.beeboxes.setting.testcase.TestDeviceInfoActivity">
          <skipped />
    </testcase>
            <testcase name="testDeviceName" time="0.0" classname="com.beeboxes.setting.testcase.TestDeviceInfoActivity">
          <skipped />
    </testcase>
            <testcase name="testDeviceName" time="0.0" classname="com.beeboxes.setting.testcase.TestDeviceInfoActivity">
          <skipped />
    </testcase>
            <testcase name="testDeviceName" time="0.0" classname="com.beeboxes.setting.testcase.TestDeviceInfoActivity">
          <skipped />
    </testcase>
            <testcase name="testDeviceName" time="0.0" classname="com.beeboxes.setting.testcase.TestDeviceInfoActivity">
          <skipped />
    </testcase>
            <testcase name="testDeviceName" time="0.0" classname="com.beeboxes.setting.testcase.TestDeviceInfoActivity">
          <skipped />
    </testcase>
            <testcase name="testDeviceName" time="0.0" classname="com.beeboxes.setting.testcase.TestDeviceInfoActivity">
          <skipped />
    </testcase>
            <testcase name="testDeviceName" time="0.0" classname="com.beeboxes.setting.testcase.TestDeviceInfoActivity">
          <skipped />
    </testcase>
            <testcase name="testDeviceName" time="0.0" classname="com.beeboxes.setting.testcase.TestDeviceInfoActivity">
          <skipped />
    </testcase>
            <testcase name="testDeviceName" time="0.0" classname="com.beeboxes.setting.testcase.TestDeviceInfoActivity">
          <skipped />
    </testcase>
            <testcase name="testDeviceName" time="0.0" classname="com.beeboxes.setting.testcase.TestDeviceInfoActivity">
          <skipped />
    </testcase>
            <testcase name="testDeviceName" time="0.0" classname="com.beeboxes.setting.testcase.TestDeviceInfoActivity">
          <skipped />
    </testcase>
            <testcase name="testDeviceName" time="0.0" classname="com.beeboxes.setting.testcase.TestDeviceInfoActivity">
          <skipped />
    </testcase>
            <testcase name="testDeviceName" time="0.0" classname="com.beeboxes.setting.testcase.TestDeviceInfoActivity">
          <skipped />
    </testcase>
            <testcase name="testDeviceName" time="0.0" classname="com.beeboxes.setting.testcase.TestDeviceInfoActivity">
          <skipped />
    </testcase>
            <testcase name="testDeviceName" time="0.0" classname="com.beeboxes.setting.testcase.TestDeviceInfoActivity">
          <skipped />
    </testcase>
            <testcase name="testDeviceName" time="0.0" classname="com.beeboxes.setting.testcase.TestDeviceInfoActivity">
          <skipped />
    </testcase>
            <testcase name="testDeviceName" time="0.0" classname="com.beeboxes.setting.testcase.TestDeviceInfoActivity">
          <skipped />
    </testcase>
            <testcase name="testDeviceName" time="0.0" classname="com.beeboxes.setting.testcase.TestDeviceInfoActivity">
          <skipped />
    </testcase>
            <testcase name="testDeviceName" time="0.0" classname="com.beeboxes.setting.testcase.TestDeviceInfoActivity">
          <skipped />
    </testcase>
            <testcase name="testDeviceName" time="0.0" classname="com.beeboxes.setting.testcase.TestDeviceInfoActivity">
          <skipped />
    </testcase>
            <testcase name="testDeviceName" time="0.0" classname="com.beeboxes.setting.testcase.TestDeviceInfoActivity">
          <skipped />
    </testcase>
            <testcase name="testDeviceName" time="0.0" classname="com.beeboxes.setting.testcase.TestDeviceInfoActivity">
          <skipped />
    </testcase>
            <testcase name="testDeviceName" time="0.0" classname="com.beeboxes.setting.testcase.TestDeviceInfoActivity">
          <skipped />
    </testcase>
            <testcase name="testDeviceName" time="0.0" classname="com.beeboxes.setting.testcase.TestDeviceInfoActivity">
          <skipped />
    </testcase>
            <testcase name="testDeviceName" time="0.0" classname="com.beeboxes.setting.testcase.TestDeviceInfoActivity">
          <skipped />
    </testcase>
            <testcase name="testDeviceName" time="0.0" classname="com.beeboxes.setting.testcase.TestDeviceInfoActivity">
          <skipped />
    </testcase>
            <testcase name="testDeviceName" time="0.0" classname="com.beeboxes.setting.testcase.TestDeviceInfoActivity">
          <skipped />
    </testcase>
            <testcase name="testDeviceName" time="0.0" classname="com.beeboxes.setting.testcase.TestDeviceInfoActivity">
          <skipped />
    </testcase>
            <testcase name="testDeviceName" time="0.0" classname="com.beeboxes.setting.testcase.TestDeviceInfoActivity">
          <skipped />
    </testcase>
            <testcase name="testDeviceName" time="0.0" classname="com.beeboxes.setting.testcase.TestDeviceInfoActivity">
          <skipped />
    </testcase>
            <testcase name="testDeviceName" time="0.0" classname="com.beeboxes.setting.testcase.TestDeviceInfoActivity">
          <skipped />
    </testcase>
            <testcase name="testDeviceName" time="0.0" classname="com.beeboxes.setting.testcase.TestDeviceInfoActivity">
          <skipped />
    </testcase>
            <testcase name="testDeviceName" time="0.0" classname="com.beeboxes.setting.testcase.TestDeviceInfoActivity">
          <skipped />
    </testcase>
            <testcase name="testDeviceName" time="0.0" classname="com.beeboxes.setting.testcase.TestDeviceInfoActivity">
          <skipped />
    </testcase>
            <testcase name="testDeviceName" time="0.0" classname="com.beeboxes.setting.testcase.TestDeviceInfoActivity">
          <skipped />
    </testcase>
            <testcase name="testDeviceName" time="0.0" classname="com.beeboxes.setting.testcase.TestDeviceInfoActivity">
          <skipped />
    </testcase>
            <testcase name="testDeviceName" time="0.0" classname="com.beeboxes.setting.testcase.TestDeviceInfoActivity">
          <skipped />
    </testcase>
            <testcase name="testDeviceName" time="0.0" classname="com.beeboxes.setting.testcase.TestDeviceInfoActivity">
          <skipped />
    </testcase>
            <testcase name="testDeviceName" time="0.0" classname="com.beeboxes.setting.testcase.TestDeviceInfoActivity">
          <skipped />
    </testcase>
            <testcase name="testDeviceName" time="0.0" classname="com.beeboxes.setting.testcase.TestDeviceInfoActivity">
          <skipped />
    </testcase>
            <testcase name="testDeviceName" time="0.0" classname="com.beeboxes.setting.testcase.TestDeviceInfoActivity">
          <skipped />
    </testcase>
            <testcase name="testDeviceName" time="0.0" classname="com.beeboxes.setting.testcase.TestDeviceInfoActivity">
          <skipped />
    </testcase>
            <testcase name="testDeviceName" time="0.0" classname="com.beeboxes.setting.testcase.TestDeviceInfoActivity">
          <skipped />
    </testcase>
            <testcase name="testDeviceName" time="0.0" classname="com.beeboxes.setting.testcase.TestDeviceInfoActivity">
          <skipped />
    </testcase>
            <testcase name="testDeviceName" time="0.0" classname="com.beeboxes.setting.testcase.TestDeviceInfoActivity">
          <skipped />
    </testcase>
            <testcase name="testDeviceName" time="0.0" classname="com.beeboxes.setting.testcase.TestDeviceInfoActivity">
          <skipped />
    </testcase>
            <testcase name="testDeviceName" time="0.0" classname="com.beeboxes.setting.testcase.TestDeviceInfoActivity">
          <skipped />
    </testcase>
            <testcase name="testDeviceName" time="0.0" classname="com.beeboxes.setting.testcase.TestDeviceInfoActivity">
          <skipped />
    </testcase>
            <testcase name="testDeviceName" time="0.0" classname="com.beeboxes.setting.testcase.TestDeviceInfoActivity">
          <skipped />
    </testcase>
            <testcase name="testDeviceName" time="0.0" classname="com.beeboxes.setting.testcase.TestDeviceInfoActivity">
          <skipped />
    </testcase>
            <testcase name="testDeviceName" time="0.0" classname="com.beeboxes.setting.testcase.TestDeviceInfoActivity">
          <skipped />
    </testcase>
            <testcase name="testDeviceName" time="0.0" classname="com.beeboxes.setting.testcase.TestDeviceInfoActivity">
          <skipped />
    </testcase>
            <testcase name="testDeviceName" time="0.0" classname="com.beeboxes.setting.testcase.TestDeviceInfoActivity">
          <skipped />
    </testcase>
            <testcase name="testDeviceName" time="0.0" classname="com.beeboxes.setting.testcase.TestDeviceInfoActivity">
          <skipped />
    </testcase>
            <testcase name="testDeviceName" time="0.0" classname="com.beeboxes.setting.testcase.TestDeviceInfoActivity">
          <skipped />
    </testcase>
            <testcase name="testDeviceName" time="0.0" classname="com.beeboxes.setting.testcase.TestDeviceInfoActivity">
          <skipped />
    </testcase>
            <testcase name="testDeviceName" time="0.0" classname="com.beeboxes.setting.testcase.TestDeviceInfoActivity">
          <skipped />
    </testcase>
            <testcase name="testDeviceName" time="0.0" classname="com.beeboxes.setting.testcase.TestDeviceInfoActivity">
          <skipped />
    </testcase>
            <testcase name="testDeviceName" time="0.0" classname="com.beeboxes.setting.testcase.TestDeviceInfoActivity">
          <skipped />
    </testcase>
            <testcase name="testDeviceName" time="0.0" classname="com.beeboxes.setting.testcase.TestDeviceInfoActivity">
          <skipped />
    </testcase>
            <testcase name="testDeviceName" time="0.0" classname="com.beeboxes.setting.testcase.TestDeviceInfoActivity">
          <skipped />
    </testcase>
            <testcase name="testDeviceName" time="0.0" classname="com.beeboxes.setting.testcase.TestDeviceInfoActivity">
          <skipped />
    </testcase>
            <testcase name="testDeviceName" time="0.0" classname="com.beeboxes.setting.testcase.TestDeviceInfoActivity">
          <skipped />
    </testcase>
            <testcase name="testDeviceName" time="0.0" classname="com.beeboxes.setting.testcase.TestDeviceInfoActivity">
          <skipped />
    </testcase>
            <testcase name="testDeviceName" time="0.0" classname="com.beeboxes.setting.testcase.TestDeviceInfoActivity">
          <skipped />
    </testcase>
            <testcase name="testDeviceName" time="0.0" classname="com.beeboxes.setting.testcase.TestDeviceInfoActivity">
          <skipped />
    </testcase>
            <testcase name="testDeviceName" time="0.0" classname="com.beeboxes.setting.testcase.TestDeviceInfoActivity">
          <skipped />
    </testcase>
            <testcase name="testDeviceName" time="0.0" classname="com.beeboxes.setting.testcase.TestDeviceInfoActivity">
          <skipped />
    </testcase>
            <testcase name="testDeviceName" time="0.0" classname="com.beeboxes.setting.testcase.TestDeviceInfoActivity">
          <skipped />
    </testcase>
            <testcase name="testDeviceName" time="0.0" classname="com.beeboxes.setting.testcase.TestDeviceInfoActivity">
          <skipped />
    </testcase>
            <testcase name="testDeviceName" time="0.0" classname="com.beeboxes.setting.testcase.TestDeviceInfoActivity">
          <skipped />
    </testcase>
            <testcase name="testDeviceName" time="0.0" classname="com.beeboxes.setting.testcase.TestDeviceInfoActivity">
          <skipped />
    </testcase>
            <testcase name="testDeviceName" time="0.0" classname="com.beeboxes.setting.testcase.TestDeviceInfoActivity">
          <skipped />
    </testcase>
            <testcase name="testDeviceName" time="0.0" classname="com.beeboxes.setting.testcase.TestDeviceInfoActivity">
          <skipped />
    </testcase>
            <testcase name="testDeviceName" time="0.0" classname="com.beeboxes.setting.testcase.TestDeviceInfoActivity">
          <skipped />
    </testcase>
            <testcase name="testDeviceName" time="0.0" classname="com.beeboxes.setting.testcase.TestDeviceInfoActivity">
          <skipped />
    </testcase>
            <testcase name="testDeviceName" time="0.0" classname="com.beeboxes.setting.testcase.TestDeviceInfoActivity">
          <skipped />
    </testcase>
            <testcase name="testDeviceName" time="0.0" classname="com.beeboxes.setting.testcase.TestDeviceInfoActivity">
          <skipped />
    </testcase>
            <testcase name="testDeviceName" time="0.0" classname="com.beeboxes.setting.testcase.TestDeviceInfoActivity">
          <skipped />
    </testcase>
            <testcase name="testDeviceName" time="0.0" classname="com.beeboxes.setting.testcase.TestDeviceInfoActivity">
          <skipped />
    </testcase>
            <testcase name="testDeviceName" time="0.0" classname="com.beeboxes.setting.testcase.TestDeviceInfoActivity">
          <skipped />
    </testcase>
            <testcase name="testDeviceName" time="0.0" classname="com.beeboxes.setting.testcase.TestDeviceInfoActivity">
          <skipped />
    </testcase>
            <testcase name="testDeviceName" time="0.0" classname="com.beeboxes.setting.testcase.TestDeviceInfoActivity">
          <skipped />
    </testcase>
            <testcase name="testDeviceName" time="0.0" classname="com.beeboxes.setting.testcase.TestDeviceInfoActivity">
          <skipped />
    </testcase>
            <testcase name="testDeviceName" time="0.0" classname="com.beeboxes.setting.testcase.TestDeviceInfoActivity">
          <skipped />
    </testcase>
            <testcase name="testDeviceName" time="0.0" classname="com.beeboxes.setting.testcase.TestDeviceInfoActivity">
          <skipped />
    </testcase>
            <testcase name="testDeviceName" time="0.0" classname="com.beeboxes.setting.testcase.TestDeviceInfoActivity">
          <skipped />
    </testcase>
            <testcase name="testDeviceName" time="0.0" classname="com.beeboxes.setting.testcase.TestDeviceInfoActivity">
          <skipped />
    </testcase>
            <testcase name="testDeviceName" time="0.0" classname="com.beeboxes.setting.testcase.TestDeviceInfoActivity">
          <skipped />
    </testcase>
            <testcase name="testDeviceName" time="0.0" classname="com.beeboxes.setting.testcase.TestDeviceInfoActivity">
          <skipped />
    </testcase>
            <testcase name="testDeviceName" time="0.0" classname="com.beeboxes.setting.testcase.TestDeviceInfoActivity">
          <skipped />
    </testcase>
            <testcase name="testDeviceName" time="0.0" classname="com.beeboxes.setting.testcase.TestDeviceInfoActivity">
          <skipped />
    </testcase>
            <testcase name="testDeviceName" time="0.0" classname="com.beeboxes.setting.testcase.TestDeviceInfoActivity">
          <skipped />
    </testcase>
            <testcase name="testDeviceName" time="0.0" classname="com.beeboxes.setting.testcase.TestDeviceInfoActivity">
          <skipped />
    </testcase>
            <testcase name="testDeviceName" time="0.0" classname="com.beeboxes.setting.testcase.TestDeviceInfoActivity">
          <skipped />
    </testcase>
            <testcase name="testDeviceName" time="0.0" classname="com.beeboxes.setting.testcase.TestDeviceInfoActivity">
          <skipped />
    </testcase>
            <testcase name="testDeviceName" time="0.0" classname="com.beeboxes.setting.testcase.TestDeviceInfoActivity">
          <skipped />
    </testcase>
            <testcase name="testDeviceName" time="0.0" classname="com.beeboxes.setting.testcase.TestDeviceInfoActivity">
          <skipped />
    </testcase>
            <testcase name="testDeviceName" time="0.0" classname="com.beeboxes.setting.testcase.TestDeviceInfoActivity">
          <skipped />
    </testcase>
            <testcase name="testDeviceName" time="0.0" classname="com.beeboxes.setting.testcase.TestDeviceInfoActivity">
          <skipped />
    </testcase>
            <testcase name="testDeviceName" time="0.0" classname="com.beeboxes.setting.testcase.TestDeviceInfoActivity">
          <skipped />
    </testcase>
            <testcase name="testDeviceName" time="0.0" classname="com.beeboxes.setting.testcase.TestDeviceInfoActivity">
          <skipped />
    </testcase>
            <testcase name="testDeviceName" time="0.0" classname="com.beeboxes.setting.testcase.TestDeviceInfoActivity">
          <skipped />
    </testcase>
            <testcase name="testDeviceName" time="0.0" classname="com.beeboxes.setting.testcase.TestDeviceInfoActivity">
          <skipped />
    </testcase>
            <testcase name="testDeviceName" time="0.0" classname="com.beeboxes.setting.testcase.TestDeviceInfoActivity">
          <skipped />
    </testcase>
            <testcase name="testDeviceName" time="0.0" classname="com.beeboxes.setting.testcase.TestDeviceInfoActivity">
          <skipped />
    </testcase>
            <testcase name="testDeviceName" time="0.0" classname="com.beeboxes.setting.testcase.TestDeviceInfoActivity">
          <skipped />
    </testcase>
            <testcase name="testDeviceName" time="0.0" classname="com.beeboxes.setting.testcase.TestDeviceInfoActivity">
          <skipped />
    </testcase>
            <testcase name="testDeviceName" time="0.0" classname="com.beeboxes.setting.testcase.TestDeviceInfoActivity">
          <skipped />
    </testcase>
            <testcase name="testDeviceName" time="0.0" classname="com.beeboxes.setting.testcase.TestDeviceInfoActivity">
          <skipped />
    </testcase>
            <testcase name="testDeviceName" time="0.0" classname="com.beeboxes.setting.testcase.TestDeviceInfoActivity">
          <skipped />
    </testcase>
            <testcase name="testDeviceName" time="0.0" classname="com.beeboxes.setting.testcase.TestDeviceInfoActivity">
          <skipped />
    </testcase>
            <testcase name="testDeviceName" time="0.0" classname="com.beeboxes.setting.testcase.TestDeviceInfoActivity">
          <skipped />
    </testcase>
            <testcase name="testDeviceName" time="0.0" classname="com.beeboxes.setting.testcase.TestDeviceInfoActivity">
          <skipped />
    </testcase>
            <testcase name="testDeviceName" time="0.0" classname="com.beeboxes.setting.testcase.TestDeviceInfoActivity">
          <skipped />
    </testcase>
            <testcase name="testDeviceName" time="0.0" classname="com.beeboxes.setting.testcase.TestDeviceInfoActivity">
          <skipped />
    </testcase>
            <testcase name="testDeviceName" time="0.0" classname="com.beeboxes.setting.testcase.TestDeviceInfoActivity">
          <skipped />
    </testcase>
            <testcase name="testDeviceName" time="0.0" classname="com.beeboxes.setting.testcase.TestDeviceInfoActivity">
          <skipped />
    </testcase>
            <testcase name="testDeviceName" time="0.0" classname="com.beeboxes.setting.testcase.TestDeviceInfoActivity">
          <skipped />
    </testcase>
            <testcase name="testDeviceName" time="0.0" classname="com.beeboxes.setting.testcase.TestDeviceInfoActivity">
          <skipped />
    </testcase>
            <testcase name="testDeviceName" time="0.0" classname="com.beeboxes.setting.testcase.TestDeviceInfoActivity">
          <skipped />
    </testcase>
            <testcase name="testDeviceName" time="0.0" classname="com.beeboxes.setting.testcase.TestDeviceInfoActivity">
          <skipped />
    </testcase>
            <testcase name="testDeviceName" time="0.0" classname="com.beeboxes.setting.testcase.TestDeviceInfoActivity">
          <skipped />
    </testcase>
            <testcase name="testDeviceName" time="0.0" classname="com.beeboxes.setting.testcase.TestDeviceInfoActivity">
          <skipped />
    </testcase>
            <testcase name="testDeviceName" time="0.0" classname="com.beeboxes.setting.testcase.TestDeviceInfoActivity">
          <skipped />
    </testcase>
            <testcase name="testDeviceName" time="0.0" classname="com.beeboxes.setting.testcase.TestDeviceInfoActivity">
          <skipped />
    </testcase>
            <testcase name="testDeviceName" time="0.0" classname="com.beeboxes.setting.testcase.TestDeviceInfoActivity">
          <skipped />
    </testcase>
            <testcase name="testDeviceName" time="0.0" classname="com.beeboxes.setting.testcase.TestDeviceInfoActivity">
          <skipped />
    </testcase>
            <testcase name="testDeviceName" time="0.0" classname="com.beeboxes.setting.testcase.TestDeviceInfoActivity">
          <skipped />
    </testcase>
            <testcase name="testDeviceName" time="0.0" classname="com.beeboxes.setting.testcase.TestDeviceInfoActivity">
          <skipped />
    </testcase>
            <testcase name="testDeviceName" time="0.0" classname="com.beeboxes.setting.testcase.TestDeviceInfoActivity">
          <skipped />
    </testcase>
            <testcase name="testDeviceName" time="0.0" classname="com.beeboxes.setting.testcase.TestDeviceInfoActivity">
          <skipped />
    </testcase>
            <testcase name="testDeviceName" time="0.0" classname="com.beeboxes.setting.testcase.TestDeviceInfoActivity">
          <skipped />
    </testcase>
            <testcase name="testDeviceName" time="0.0" classname="com.beeboxes.setting.testcase.TestDeviceInfoActivity">
          <skipped />
    </testcase>
            <testcase name="testDeviceName" time="0.0" classname="com.beeboxes.setting.testcase.TestDeviceInfoActivity">
          <skipped />
    </testcase>
            <testcase name="testDeviceName" time="0.0" classname="com.beeboxes.setting.testcase.TestDeviceInfoActivity">
          <skipped />
    </testcase>
            <testcase name="testDeviceName" time="0.0" classname="com.beeboxes.setting.testcase.TestDeviceInfoActivity">
          <skipped />
    </testcase>
            <testcase name="testDeviceName" time="0.0" classname="com.beeboxes.setting.testcase.TestDeviceInfoActivity">
          <skipped />
    </testcase>
            <testcase name="testDeviceName" time="0.0" classname="com.beeboxes.setting.testcase.TestDeviceInfoActivity">
          <skipped />
    </testcase>
            <testcase name="testDeviceName" time="0.0" classname="com.beeboxes.setting.testcase.TestDeviceInfoActivity">
          <skipped />
    </testcase>
            <testcase name="testDeviceName" time="0.0" classname="com.beeboxes.setting.testcase.TestDeviceInfoActivity">
          <skipped />
    </testcase>
            <testcase name="testDeviceName" time="0.0" classname="com.beeboxes.setting.testcase.TestDeviceInfoActivity">
          <skipped />
    </testcase>
            <testcase name="testDeviceName" time="0.0" classname="com.beeboxes.setting.testcase.TestDeviceInfoActivity">
          <skipped />
    </testcase>
            <testcase name="testDeviceName" time="0.0" classname="com.beeboxes.setting.testcase.TestDeviceInfoActivity">
          <skipped />
    </testcase>
            <testcase name="testDeviceName" time="0.0" classname="com.beeboxes.setting.testcase.TestDeviceInfoActivity">
          <skipped />
    </testcase>
            <testcase name="testDeviceName" time="0.0" classname="com.beeboxes.setting.testcase.TestDeviceInfoActivity">
          <skipped />
    </testcase>
            <testcase name="testDeviceName" time="0.0" classname="com.beeboxes.setting.testcase.TestDeviceInfoActivity">
          <skipped />
    </testcase>
            <testcase name="testDeviceName" time="0.0" classname="com.beeboxes.setting.testcase.TestDeviceInfoActivity">
          <skipped />
    </testcase>
            <testcase name="testDeviceName" time="0.0" classname="com.beeboxes.setting.testcase.TestDeviceInfoActivity">
          <skipped />
    </testcase>
            <testcase name="testDeviceName" time="0.0" classname="com.beeboxes.setting.testcase.TestDeviceInfoActivity">
          <skipped />
    </testcase>
            <testcase name="testDeviceName" time="0.0" classname="com.beeboxes.setting.testcase.TestDeviceInfoActivity">
          <skipped />
    </testcase>
            <testcase name="testDeviceName" time="0.0" classname="com.beeboxes.setting.testcase.TestDeviceInfoActivity">
          <skipped />
    </testcase>
            <testcase name="testDeviceName" time="0.0" classname="com.beeboxes.setting.testcase.TestDeviceInfoActivity">
          <skipped />
    </testcase>
            <testcase name="testDeviceName" time="0.0" classname="com.beeboxes.setting.testcase.TestDeviceInfoActivity">
          <skipped />
    </testcase>
            <testcase name="testDeviceName" time="0.0" classname="com.beeboxes.setting.testcase.TestDeviceInfoActivity">
          <skipped />
    </testcase>
            <testcase name="testDeviceName" time="0.0" classname="com.beeboxes.setting.testcase.TestDeviceInfoActivity">
          <skipped />
    </testcase>
            <testcase name="testDeviceName" time="0.0" classname="com.beeboxes.setting.testcase.TestDeviceInfoActivity">
          <skipped />
    </testcase>
            <testcase name="testDeviceName" time="0.0" classname="com.beeboxes.setting.testcase.TestDeviceInfoActivity">
          <skipped />
    </testcase>
            <testcase name="testDeviceName" time="0.0" classname="com.beeboxes.setting.testcase.TestDeviceInfoActivity">
          <skipped />
    </testcase>
            <testcase name="testDeviceName" time="0.0" classname="com.beeboxes.setting.testcase.TestDeviceInfoActivity">
          <skipped />
    </testcase>
            <testcase name="testDeviceName" time="0.0" classname="com.beeboxes.setting.testcase.TestDeviceInfoActivity">
          <skipped />
    </testcase>
            <testcase name="testDeviceName" time="0.0" classname="com.beeboxes.setting.testcase.TestDeviceInfoActivity">
          <skipped />
    </testcase>
            <testcase name="testDeviceName" time="0.0" classname="com.beeboxes.setting.testcase.TestDeviceInfoActivity">
          <skipped />
    </testcase>
            <testcase name="testDeviceName" time="0.0" classname="com.beeboxes.setting.testcase.TestDeviceInfoActivity">
          <skipped />
    </testcase>
            <testcase name="testDeviceName" time="0.0" classname="com.beeboxes.setting.testcase.TestDeviceInfoActivity">
          <skipped />
    </testcase>
            <testcase name="testDeviceName" time="0.0" classname="com.beeboxes.setting.testcase.TestDeviceInfoActivity">
          <skipped />
    </testcase>
            <testcase name="testDeviceName" time="0.0" classname="com.beeboxes.setting.testcase.TestDeviceInfoActivity">
          <skipped />
    </testcase>
            <testcase name="testDeviceName" time="0.0" classname="com.beeboxes.setting.testcase.TestDeviceInfoActivity">
          <skipped />
    </testcase>
            <testcase name="testDeviceName" time="0.0" classname="com.beeboxes.setting.testcase.TestDeviceInfoActivity">
          <skipped />
    </testcase>
            <testcase name="testDeviceName" time="0.0" classname="com.beeboxes.setting.testcase.TestDeviceInfoActivity">
          <skipped />
    </testcase>
            <testcase name="testDeviceName" time="0.0" classname="com.beeboxes.setting.testcase.TestDeviceInfoActivity">
          <skipped />
    </testcase>
            <testcase name="testDeviceName" time="0.0" classname="com.beeboxes.setting.testcase.TestDeviceInfoActivity">
          <skipped />
    </testcase>
            <testcase name="testDeviceName" time="0.0" classname="com.beeboxes.setting.testcase.TestDeviceInfoActivity">
          <skipped />
    </testcase>
            <testcase name="testDeviceName" time="0.0" classname="com.beeboxes.setting.testcase.TestDeviceInfoActivity">
          <skipped />
    </testcase>
            <testcase name="testDeviceName" time="0.0" classname="com.beeboxes.setting.testcase.TestDeviceInfoActivity">
          <skipped />
    </testcase>
            <testcase name="testDeviceName" time="0.0" classname="com.beeboxes.setting.testcase.TestDeviceInfoActivity">
          <skipped />
    </testcase>
            <testcase name="testDeviceName" time="0.0" classname="com.beeboxes.setting.testcase.TestDeviceInfoActivity">
          <skipped />
    </testcase>
            <testcase name="testDeviceName" time="0.0" classname="com.beeboxes.setting.testcase.TestDeviceInfoActivity">
          <skipped />
    </testcase>
            <testcase name="testDeviceName" time="0.0" classname="com.beeboxes.setting.testcase.TestDeviceInfoActivity">
          <skipped />
    </testcase>
            <testcase name="testDeviceName" time="0.0" classname="com.beeboxes.setting.testcase.TestDeviceInfoActivity">
          <skipped />
    </testcase>
            <testcase name="testDeviceName" time="0.0" classname="com.beeboxes.setting.testcase.TestDeviceInfoActivity">
          <skipped />
    </testcase>
            <testcase name="testDeviceName" time="0.0" classname="com.beeboxes.setting.testcase.TestDeviceInfoActivity">
          <skipped />
    </testcase>
            <testcase name="testDeviceName" time="0.0" classname="com.beeboxes.setting.testcase.TestDeviceInfoActivity">
          <skipped />
    </testcase>
            <testcase name="testDeviceName" time="0.0" classname="com.beeboxes.setting.testcase.TestDeviceInfoActivity">
          <skipped />
    </testcase>
            <testcase name="testDeviceName" time="0.0" classname="com.beeboxes.setting.testcase.TestDeviceInfoActivity">
          <skipped />
    </testcase>
            <testcase name="testDeviceName" time="0.0" classname="com.beeboxes.setting.testcase.TestDeviceInfoActivity">
          <skipped />
    </testcase>
            <testcase name="testDeviceName" time="0.0" classname="com.beeboxes.setting.testcase.TestDeviceInfoActivity">
          <skipped />
    </testcase>
            <testcase name="testDeviceName" time="0.0" classname="com.beeboxes.setting.testcase.TestDeviceInfoActivity">
          <skipped />
    </testcase>
            <testcase name="testDeviceName" time="0.0" classname="com.beeboxes.setting.testcase.TestDeviceInfoActivity">
          <skipped />
    </testcase>
            <testcase name="testDeviceName" time="0.0" classname="com.beeboxes.setting.testcase.TestDeviceInfoActivity">
          <skipped />
    </testcase>
            <testcase name="testDeviceName" time="0.0" classname="com.beeboxes.setting.testcase.TestDeviceInfoActivity">
          <skipped />
    </testcase>
            <testcase name="testDeviceName" time="0.0" classname="com.beeboxes.setting.testcase.TestDeviceInfoActivity">
          <skipped />
    </testcase>
            <testcase name="testDeviceName" time="0.0" classname="com.beeboxes.setting.testcase.TestDeviceInfoActivity">
          <skipped />
    </testcase>
            <testcase name="testDeviceName" time="0.0" classname="com.beeboxes.setting.testcase.TestDeviceInfoActivity">
          <skipped />
    </testcase>
            <testcase name="testDeviceName" time="0.0" classname="com.beeboxes.setting.testcase.TestDeviceInfoActivity">
          <skipped />
    </testcase>
            <testcase name="testDeviceName" time="0.0" classname="com.beeboxes.setting.testcase.TestDeviceInfoActivity">
          <skipped />
    </testcase>
            <testcase name="testDeviceName" time="0.0" classname="com.beeboxes.setting.testcase.TestDeviceInfoActivity">
          <skipped />
    </testcase>
            <testcase name="testDeviceName" time="0.0" classname="com.beeboxes.setting.testcase.TestDeviceInfoActivity">
          <skipped />
    </testcase>
            <testcase name="testDeviceName" time="0.0" classname="com.beeboxes.setting.testcase.TestDeviceInfoActivity">
          <skipped />
    </testcase>
            <testcase name="testDeviceName" time="0.0" classname="com.beeboxes.setting.testcase.TestDeviceInfoActivity">
          <skipped />
    </testcase>
            <testcase name="testDeviceName" time="0.0" classname="com.beeboxes.setting.testcase.TestDeviceInfoActivity">
          <skipped />
    </testcase>
            <testcase name="testDeviceName" time="0.0" classname="com.beeboxes.setting.testcase.TestDeviceInfoActivity">
          <skipped />
    </testcase>
            <testcase name="testDeviceName" time="0.0" classname="com.beeboxes.setting.testcase.TestDeviceInfoActivity">
          <skipped />
    </testcase>
            <testcase name="testDeviceName" time="0.0" classname="com.beeboxes.setting.testcase.TestDeviceInfoActivity">
          <skipped />
    </testcase>
            <testcase name="testDeviceName" time="0.0" classname="com.beeboxes.setting.testcase.TestDeviceInfoActivity">
          <skipped />
    </testcase>
            <testcase name="testDeviceName" time="0.0" classname="com.beeboxes.setting.testcase.TestDeviceInfoActivity">
          <skipped />
    </testcase>
            <testcase name="testDeviceName" time="0.0" classname="com.beeboxes.setting.testcase.TestDeviceInfoActivity">
          <skipped />
    </testcase>
            <testcase name="testDeviceName" time="0.0" classname="com.beeboxes.setting.testcase.TestDeviceInfoActivity">
          <skipped />
    </testcase>
            <testcase name="testDeviceName" time="0.0" classname="com.beeboxes.setting.testcase.TestDeviceInfoActivity">
          <skipped />
    </testcase>
            <testcase name="testDeviceName" time="0.0" classname="com.beeboxes.setting.testcase.TestDeviceInfoActivity">
          <skipped />
    </testcase>
            <testcase name="testDeviceName" time="0.0" classname="com.beeboxes.setting.testcase.TestDeviceInfoActivity">
          <skipped />
    </testcase>
            <testcase name="testDeviceName" time="0.0" classname="com.beeboxes.setting.testcase.TestDeviceInfoActivity">
          <skipped />
    </testcase>
            <testcase name="testDeviceName" time="0.0" classname="com.beeboxes.setting.testcase.TestDeviceInfoActivity">
          <skipped />
    </testcase>
            <testcase name="testDeviceName" time="0.0" classname="com.beeboxes.setting.testcase.TestDeviceInfoActivity">
          <skipped />
    </testcase>
            <testcase name="testDeviceName" time="0.0" classname="com.beeboxes.setting.testcase.TestDeviceInfoActivity">
          <skipped />
    </testcase>
            <testcase name="testDeviceName" time="0.0" classname="com.beeboxes.setting.testcase.TestDeviceInfoActivity">
          <skipped />
    </testcase>
            <testcase name="testDeviceName" time="0.0" classname="com.beeboxes.setting.testcase.TestDeviceInfoActivity">
          <skipped />
    </testcase>
            <testcase name="testDeviceName" time="0.0" classname="com.beeboxes.setting.testcase.TestDeviceInfoActivity">
          <skipped />
    </testcase>
            <testcase name="testDeviceName" time="0.0" classname="com.beeboxes.setting.testcase.TestDeviceInfoActivity">
          <skipped />
    </testcase>
            <testcase name="testDeviceName" time="0.0" classname="com.beeboxes.setting.testcase.TestDeviceInfoActivity">
          <skipped />
    </testcase>
            <testcase name="testDeviceName" time="0.0" classname="com.beeboxes.setting.testcase.TestDeviceInfoActivity">
          <skipped />
    </testcase>
            <testcase name="testDeviceName" time="0.0" classname="com.beeboxes.setting.testcase.TestDeviceInfoActivity">
          <skipped />
    </testcase>
            <testcase name="testDeviceName" time="0.0" classname="com.beeboxes.setting.testcase.TestDeviceInfoActivity">
          <skipped />
    </testcase>
            <testcase name="testDeviceName" time="0.0" classname="com.beeboxes.setting.testcase.TestDeviceInfoActivity">
          <skipped />
    </testcase>
            <testcase name="testDeviceName" time="0.0" classname="com.beeboxes.setting.testcase.TestDeviceInfoActivity">
          <skipped />
    </testcase>
            <testcase name="testDeviceName" time="0.0" classname="com.beeboxes.setting.testcase.TestDeviceInfoActivity">
          <skipped />
    </testcase>
            <testcase name="testDeviceName" time="0.0" classname="com.beeboxes.setting.testcase.TestDeviceInfoActivity">
          <skipped />
    </testcase>
            <testcase name="testDeviceName" time="0.0" classname="com.beeboxes.setting.testcase.TestDeviceInfoActivity">
          <skipped />
    </testcase>
            <testcase name="testDeviceName" time="0.0" classname="com.beeboxes.setting.testcase.TestDeviceInfoActivity">
          <skipped />
    </testcase>
            <testcase name="testDeviceName" time="0.0" classname="com.beeboxes.setting.testcase.TestDeviceInfoActivity">
          <skipped />
    </testcase>
[...]
          <skipped />
    </testcase>
            <testcase name="testDeviceName" time="0.0" classname="com.beeboxes.setting.testcase.TestDeviceInfoActivity">
          <skipped />
    </testcase>
            <testcase name="testDeviceName" time="0.0" classname="com.beeboxes.setting.testcase.TestDeviceInfoActivity">
          <skipped />
    </testcase>
            <testcase name="testDeviceName" time="0.0" classname="com.beeboxes.setting.testcase.TestDeviceInfoActivity">
          <skipped />
    </testcase>
            <testcase name="testDeviceName" time="0.0" classname="com.beeboxes.setting.testcase.TestDeviceInfoActivity">
          <skipped />
    </testcase>
            <testcase name="testDeviceName" time="0.0" classname="com.beeboxes.setting.testcase.TestDeviceInfoActivity">
          <skipped />
    </testcase>
            <testcase name="testDeviceName" time="0.0" classname="com.beeboxes.setting.testcase.TestDeviceInfoActivity">
          <skipped />
    </testcase>
            <testcase name="testDeviceName" time="0.0" classname="com.beeboxes.setting.testcase.TestDeviceInfoActivity">
          <skipped />
    </testcase>
            <testcase name="testDeviceName" time="0.0" classname="com.beeboxes.setting.testcase.TestDeviceInfoActivity">
          <skipped />
    </testcase>
            <testcase name="testDeviceName" time="0.0" classname="com.beeboxes.setting.testcase.TestDeviceInfoActivity">
          <skipped />
    </testcase>
            <testcase name="testDeviceName" time="0.0" classname="com.beeboxes.setting.testcase.TestDeviceInfoActivity">
          <skipped />
    </testcase>
            <testcase name="testDeviceName" time="0.0" classname="com.beeboxes.setting.testcase.TestDeviceInfoActivity">
          <skipped />
    </testcase>
            <testcase name="testDeviceName" time="0.0" classname="com.beeboxes.setting.testcase.TestDeviceInfoActivity">
          <skipped />
    </testcase>
            <testcase name="testDeviceName" time="0.0" classname="com.beeboxes.setting.testcase.TestDeviceInfoActivity">
          <skipped />
    </testcase>
            <testcase name="testDeviceName" time="0.0" classname="com.beeboxes.setting.testcase.TestDeviceInfoActivity">
          <skipped />
    </testcase>
            <testcase name="testDeviceName" time="0.0" classname="com.beeboxes.setting.testcase.TestDeviceInfoActivity">
          <skipped />
    </testcase>
            <testcase name="testDeviceName" time="0.0" classname="com.beeboxes.setting.testcase.TestDeviceInfoActivity">
          <skipped />
    </testcase>
            <testcase name="testDeviceName" time="0.0" classname="com.beeboxes.setting.testcase.TestDeviceInfoActivity">
          <skipped />
    </testcase>
            <testcase name="testDeviceName" time="0.0" classname="com.beeboxes.setting.testcase.TestDeviceInfoActivity">
          <skipped />
    </testcase>
            <testcase name="testDeviceName" time="0.0" classname="com.beeboxes.setting.testcase.TestDeviceInfoActivity">
          <skipped />
    </testcase>
            <testcase name="testDeviceName" time="0.0" classname="com.beeboxes.setting.testcase.TestDeviceInfoActivity">
          <skipped />
    </testcase>
            <testcase name="testDeviceName" time="0.0" classname="com.beeboxes.setting.testcase.TestDeviceInfoActivity">
          <skipped />
    </testcase>
            <testcase name="testDeviceName" time="0.0" classname="com.beeboxes.setting.testcase.TestDeviceInfoActivity">
          <skipped />
    </testcase>
            <testcase name="testDeviceName" time="0.0" classname="com.beeboxes.setting.testcase.TestDeviceInfoActivity">
          <skipped />
    </testcase>
            <testcase name="testDeviceName" time="0.0" classname="com.beeboxes.setting.testcase.TestDeviceInfoActivity">
          <skipped />
    </testcase>
            <testcase name="testDeviceName" time="0.0" classname="com.beeboxes.setting.testcase.TestDeviceInfoActivity">
          <skipped />
    </testcase>
            <testcase name="testDeviceName" time="0.0" classname="com.beeboxes.setting.testcase.TestDeviceInfoActivity">
          <skipped />
    </testcase>
            <testcase name="testDeviceName" time="0.0" classname="com.beeboxes.setting.testcase.TestDeviceInfoActivity">
          <skipped />
    </testcase>
            <testcase name="testDeviceName" time="0.0" classname="com.beeboxes.setting.testcase.TestDeviceInfoActivity">
          <skipped />
    </testcase>
            <testcase name="testDeviceName" time="0.0" classname="com.beeboxes.setting.testcase.TestDeviceInfoActivity">
          <skipped />
    </testcase>
            <testcase name="testDeviceName" time="0.0" classname="com.beeboxes.setting.testcase.TestDeviceInfoActivity">
          <skipped />
    </testcase>
            <testcase name="testDeviceName" time="0.0" classname="com.beeboxes.setting.testcase.TestDeviceInfoActivity">
          <skipped />
    </testcase>
            <testcase name="testDeviceName" time="0.0" classname="com.beeboxes.setting.testcase.TestDeviceInfoActivity">
          <skipped />
    </testcase>
            <testcase name="testDeviceName" time="0.0" classname="com.beeboxes.setting.testcase.TestDeviceInfoActivity">
          <skipped />
    </testcase>
            <testcase name="testDeviceName" time="0.0" classname="com.beeboxes.setting.testcase.TestDeviceInfoActivity">
          <skipped />
    </testcase>
            <testcase name="testDeviceName" time="0.0" classname="com.beeboxes.setting.testcase.TestDeviceInfoActivity">
          <skipped />
    </testcase>
            <testcase name="testDeviceName" time="0.0" classname="com.beeboxes.setting.testcase.TestDeviceInfoActivity">
          <skipped />
    </testcase>
            <testcase name="testDeviceName" time="0.0" classname="com.beeboxes.setting.testcase.TestDeviceInfoActivity">
          <skipped />
    </testcase>
            <testcase name="testDeviceName" time="0.0" classname="com.beeboxes.setting.testcase.TestDeviceInfoActivity">
          <skipped />
    </testcase>
            <testcase name="testDeviceName" time="0.0" classname="com.beeboxes.setting.testcase.TestDeviceInfoActivity">
          <skipped />
    </testcase>
            <testcase name="testDeviceName" time="0.0" classname="com.beeboxes.setting.testcase.TestDeviceInfoActivity">
          <skipped />
    </testcase>
            <testcase name="testDeviceName" time="0.0" classname="com.beeboxes.setting.testcase.TestDeviceInfoActivity">
          <skipped />
    </testcase>
            <testcase name="testDeviceName" time="0.0" classname="com.beeboxes.setting.testcase.TestDeviceInfoActivity">
          <skipped />
    </testcase>
            <testcase name="testDeviceName" time="0.0" classname="com.beeboxes.setting.testcase.TestDeviceInfoActivity">
          <skipped />
    </testcase>
            <testcase name="testDeviceName" time="0.0" classname="com.beeboxes.setting.testcase.TestDeviceInfoActivity">
          <skipped />
    </testcase>
            <testcase name="testDeviceName" time="0.0" classname="com.beeboxes.setting.testcase.TestDeviceInfoActivity">
          <skipped />
    </testcase>
            <testcase name="testDeviceName" time="0.0" classname="com.beeboxes.setting.testcase.TestDeviceInfoActivity">
          <skipped />
    </testcase>
            <testcase name="testDeviceName" time="0.0" classname="com.beeboxes.setting.testcase.TestDeviceInfoActivity">
          <skipped />
    </testcase>
            <testcase name="testDeviceName" time="0.0" classname="com.beeboxes.setting.testcase.TestDeviceInfoActivity">
          <skipped />
    </testcase>
            <testcase name="testDeviceName" time="0.0" classname="com.beeboxes.setting.testcase.TestDeviceInfoActivity">
          <skipped />
    </testcase>
            <testcase name="testDeviceName" time="0.0" classname="com.beeboxes.setting.testcase.TestDeviceInfoActivity">
          <skipped />
    </testcase>
            <testcase name="testDeviceName" time="0.0" classname="com.beeboxes.setting.testcase.TestDeviceInfoActivity">
          <skipped />
    </testcase>
            <testcase name="testDeviceName" time="0.0" classname="com.beeboxes.setting.testcase.TestDeviceInfoActivity">
          <skipped />
    </testcase>
            <testcase name="testDeviceName" time="0.0" classname="com.beeboxes.setting.testcase.TestDeviceInfoActivity">
          <skipped />
    </testcase>
            <testcase name="testDeviceName" time="0.0" classname="com.beeboxes.setting.testcase.TestDeviceInfoActivity">
          <skipped />
    </testcase>
            <testcase name="testDeviceName" time="0.0" classname="com.beeboxes.setting.testcase.TestDeviceInfoActivity">
          <skipped />
    </testcase>
            <testcase name="testDeviceName" time="0.0" classname="com.beeboxes.setting.testcase.TestDeviceInfoActivity">
          <skipped />
    </testcase>
            <testcase name="testDeviceName" time="0.0" classname="com.beeboxes.setting.testcase.TestDeviceInfoActivity">
          <skipped />
    </testcase>
            <testcase name="testDeviceName" time="0.0" classname="com.beeboxes.setting.testcase.TestDeviceInfoActivity">
          <skipped />
    </testcase>
            <testcase name="testDeviceName" time="0.0" classname="com.beeboxes.setting.testcase.TestDeviceInfoActivity">
          <skipped />
    </testcase>
            <testcase name="testDeviceName" time="0.0" classname="com.beeboxes.setting.testcase.TestDeviceInfoActivity">
          <skipped />
    </testcase>
            <testcase name="testDeviceName" time="0.0" classname="com.beeboxes.setting.testcase.TestDeviceInfoActivity">
          <skipped />
    </testcase>
            <testcase name="testDeviceName" time="0.0" classname="com.beeboxes.setting.testcase.TestDeviceInfoActivity">
          <skipped />
    </testcase>
            <testcase name="testDeviceName" time="0.0" classname="com.beeboxes.setting.testcase.TestDeviceInfoActivity">
          <skipped />
    </testcase>
            <testcase name="testDeviceName" time="0.0" classname="com.beeboxes.setting.testcase.TestDeviceInfoActivity">
          <skipped />
    </testcase>
            <testcase name="testDeviceName" time="0.0" classname="com.beeboxes.setting.testcase.TestDeviceInfoActivity">
          <skipped />
    </testcase>
            <testcase name="testDeviceName" time="0.0" classname="com.beeboxes.setting.testcase.TestDeviceInfoActivity">
          <skipped />
    </testcase>
            <testcase name="testDeviceName" time="0.0" classname="com.beeboxes.setting.testcase.TestDeviceInfoActivity">
          <skipped />
    </testcase>
            <testcase name="testDeviceName" time="0.0" classname="com.beeboxes.setting.testcase.TestDeviceInfoActivity">
          <skipped />
    </testcase>
            <testcase name="testDeviceName" time="0.0" classname="com.beeboxes.setting.testcase.TestDeviceInfoActivity">
          <skipped />
    </testcase>
            <testcase name="testDeviceName" time="0.0" classname="com.beeboxes.setting.testcase.TestDeviceInfoActivity">
          <skipped />
    </testcase>
            <testcase name="testDeviceName" time="0.0" classname="com.beeboxes.setting.testcase.TestDeviceInfoActivity">
          <skipped />
    </testcase>
            <testcase name="testDeviceName" time="0.0" classname="com.beeboxes.setting.testcase.TestDeviceInfoActivity">
          <skipped />
    </testcase>
            <testcase name="testDeviceName" time="0.0" classname="com.beeboxes.setting.testcase.TestDeviceInfoActivity">
          <skipped />
    </testcase>
            <testcase name="testDeviceName" time="0.0" classname="com.beeboxes.setting.testcase.TestDeviceInfoActivity">
          <skipped />
    </testcase>
            <testcase name="testDeviceName" time="0.0" classname="com.beeboxes.setting.testcase.TestDeviceInfoActivity">
          <skipped />
    </testcase>
            <testcase name="testDeviceName" time="0.0" classname="com.beeboxes.setting.testcase.TestDeviceInfoActivity">
          <skipped />
    </testcase>
            <testcase name="testDeviceName" time="0.0" classname="com.beeboxes.setting.testcase.TestDeviceInfoActivity">
          <skipped />
    </testcase>
            <testcase name="testDeviceName" time="0.0" classname="com.beeboxes.setting.testcase.TestDeviceInfoActivity">
          <skipped />
    </testcase>
            <testcase name="testDeviceName" time="0.0" classname="com.beeboxes.setting.testcase.TestDeviceInfoActivity">
          <skipped />
    </testcase>
            <testcase name="testDeviceName" time="0.0" classname="com.beeboxes.setting.testcase.TestDeviceInfoActivity">
          <skipped />
    </testcase>
            <testcase name="testDeviceName" time="0.0" classname="com.beeboxes.setting.testcase.TestDeviceInfoActivity">
          <skipped />
    </testcase>
            <testcase name="testDeviceName" time="0.0" classname="com.beeboxes.setting.testcase.TestDeviceInfoActivity">
          <skipped />
    </testcase>
            <testcase name="testDeviceName" time="0.0" classname="com.beeboxes.setting.testcase.TestDeviceInfoActivity">
          <skipped />
    </testcase>
            <testcase name="testDeviceName" time="0.0" classname="com.beeboxes.setting.testcase.TestDeviceInfoActivity">
          <skipped />
    </testcase>
            <testcase name="testDeviceName" time="0.0" classname="com.beeboxes.setting.testcase.TestDeviceInfoActivity">
          <skipped />
    </testcase>
            <testcase name="testDeviceName" time="0.0" classname="com.beeboxes.setting.testcase.TestDeviceInfoActivity">
          <skipped />
    </testcase>
            <testcase name="testDeviceName" time="0.0" classname="com.beeboxes.setting.testcase.TestDeviceInfoActivity">
          <skipped />
    </testcase>
            <testcase name="testDeviceName" time="0.0" classname="com.beeboxes.setting.testcase.TestDeviceInfoActivity">
          <skipped />
    </testcase>
            <testcase name="testDeviceName" time="0.0" classname="com.beeboxes.setting.testcase.TestDeviceInfoActivity">
          <skipped />
    </testcase>
            <testcase name="testDeviceName" time="0.0" classname="com.beeboxes.setting.testcase.TestDeviceInfoActivity">
          <skipped />
    </testcase>
            <testcase name="testDeviceName" time="0.0" classname="com.beeboxes.setting.testcase.TestDeviceInfoActivity">
          <skipped />
    </testcase>
            <testcase name="testDeviceName" time="0.0" classname="com.beeboxes.setting.testcase.TestDeviceInfoActivity">
          <skipped />
    </testcase>
            <testcase name="testDeviceName" time="0.0" classname="com.beeboxes.setting.testcase.TestDeviceInfoActivity">
          <skipped />
    </testcase>
            <testcase name="testDeviceName" time="0.0" classname="com.beeboxes.setting.testcase.TestDeviceInfoActivity">
          <skipped />
    </testcase>
            <testcase name="testDeviceName" time="0.0" classname="com.beeboxes.setting.testcase.TestDeviceInfoActivity">
          <skipped />
    </testcase>
            <testcase name="testDeviceName" time="0.0" classname="com.beeboxes.setting.testcase.TestDeviceInfoActivity">
          <skipped />
    </testcase>
            <testcase name="testDeviceName" time="0.0" classname="com.beeboxes.setting.testcase.TestDeviceInfoActivity">
          <skipped />
    </testcase>
            <testcase name="testDeviceName" time="0.0" classname="com.beeboxes.setting.testcase.TestDeviceInfoActivity">
          <skipped />
    </testcase>
            <testcase name="testDeviceName" time="0.0" classname="com.beeboxes.setting.testcase.TestDeviceInfoActivity">
          <skipped />
    </testcase>
            <testcase name="testDeviceName" time="0.0" classname="com.beeboxes.setting.testcase.TestDeviceInfoActivity">
          <skipped />
    </testcase>
            <testcase name="testDeviceName" time="0.0" classname="com.beeboxes.setting.testcase.TestDeviceInfoActivity">
          <skipped />
    </testcase>
            <testcase name="testDeviceName" time="0.0" classname="com.beeboxes.setting.testcase.TestDeviceInfoActivity">
          <skipped />
    </testcase>
            <testcase name="testDeviceName" time="0.0" classname="com.beeboxes.setting.testcase.TestDeviceInfoActivity">
          <skipped />
    </testcase>
            <testcase name="testDeviceName" time="0.0" classname="com.beeboxes.setting.testcase.TestDeviceInfoActivity">
          <skipped />
    </testcase>
            <testcase name="testDeviceName" time="0.0" classname="com.beeboxes.setting.testcase.TestDeviceInfoActivity">
          <skipped />
    </testcase>
            <testcase name="testDeviceName" time="0.0" classname="com.beeboxes.setting.testcase.TestDeviceInfoActivity">
          <skipped />
    </testcase>
            <testcase name="testDeviceName" time="0.0" classname="com.beeboxes.setting.testcase.TestDeviceInfoActivity">
          <skipped />
    </testcase>
            <testcase name="testDeviceName" time="0.0" classname="com.beeboxes.setting.testcase.TestDeviceInfoActivity">
          <skipped />
    </testcase>
            <testcase name="testDeviceName" time="0.0" classname="com.beeboxes.setting.testcase.TestDeviceInfoActivity">
          <skipped />
    </testcase>
            <testcase name="testDeviceName" time="0.0" classname="com.beeboxes.setting.testcase.TestDeviceInfoActivity">
          <skipped />
    </testcase>
            <testcase name="testDeviceName" time="0.0" classname="com.beeboxes.setting.testcase.TestDeviceInfoActivity">
          <skipped />
    </testcase>
            <testcase name="testDeviceName" time="0.0" classname="com.beeboxes.setting.testcase.TestDeviceInfoActivity">
          <skipped />
    </testcase>
            <testcase name="testDeviceName" time="0.0" classname="com.beeboxes.setting.testcase.TestDeviceInfoActivity">
          <skipped />
    </testcase>
            <testcase name="testDeviceName" time="0.0" classname="com.beeboxes.setting.testcase.TestDeviceInfoActivity">
          <skipped />
    </testcase>
            <testcase name="testDeviceName" time="0.0" classname="com.beeboxes.setting.testcase.TestDeviceInfoActivity">
          <skipped />
    </testcase>
            <testcase name="testDeviceName" time="0.0" classname="com.beeboxes.setting.testcase.TestDeviceInfoActivity">
          <skipped />
    </testcase>
            <testcase name="testDeviceName" time="0.0" classname="com.beeboxes.setting.testcase.TestDeviceInfoActivity">
          <skipped />
    </testcase>
            <testcase name="testDeviceName" time="0.0" classname="com.beeboxes.setting.testcase.TestDeviceInfoActivity">
          <skipped />
    </testcase>
            <testcase name="testDeviceName" time="0.0" classname="com.beeboxes.setting.testcase.TestDeviceInfoActivity">
          <skipped />
    </testcase>
            <testcase name="testDeviceName" time="0.0" classname="com.beeboxes.setting.testcase.TestDeviceInfoActivity">
          <skipped />
    </testcase>
            <testcase name="testDeviceName" time="0.0" classname="com.beeboxes.setting.testcase.TestDeviceInfoActivity">
          <skipped />
    </testcase>
            <testcase name="testDeviceName" time="0.0" classname="com.beeboxes.setting.testcase.TestDeviceInfoActivity">
          <skipped />
    </testcase>
            <testcase name="testDeviceName" time="0.0" classname="com.beeboxes.setting.testcase.TestDeviceInfoActivity">
          <skipped />
    </testcase>
            <testcase name="testDeviceName" time="0.0" classname="com.beeboxes.setting.testcase.TestDeviceInfoActivity">
          <skipped />
    </testcase>
            <testcase name="testDeviceName" time="0.0" classname="com.beeboxes.setting.testcase.TestDeviceInfoActivity">
          <skipped />
    </testcase>
  
  
</testsuite>
